2020-08-25 15:51:19,643 django.utils.autoreload INFO     Watching for file changes with StatReloader
2020-08-25 15:51:44,685 django.utils.autoreload INFO     C:\Users\lxmpt_p\Lek\login\views.py changed, reloading.
2020-08-25 15:51:44,687 asyncio      DEBUG    Using proactor: IocpProactor
2020-08-25 15:51:47,076 django.utils.autoreload INFO     Watching for file changes with StatReloader
2020-08-25 15:52:16,651 django.utils.autoreload INFO     C:\Users\lxmpt_p\Lek\login\views.py changed, reloading.
2020-08-25 15:52:16,653 asyncio      DEBUG    Using proactor: IocpProactor
2020-08-25 15:52:19,168 django.utils.autoreload INFO     Watching for file changes with StatReloader
2020-08-25 15:52:33,756 django.request ERROR    Internal Server Error: /
Traceback (most recent call last):
  File "C:\Users\lxmpt_p\AppData\Local\Programs\Python\Python38-32\lib\site-packages\django\core\handlers\exception.py", line 34, in inner
    response = get_response(request)
  File "C:\Users\lxmpt_p\AppData\Local\Programs\Python\Python38-32\lib\site-packages\django\core\handlers\base.py", line 115, in _get_response
    response = self.process_exception_by_middleware(e, request)
  File "C:\Users\lxmpt_p\AppData\Local\Programs\Python\Python38-32\lib\site-packages\django\core\handlers\base.py", line 113, in _get_response
    response = wrapped_callback(request, *callback_args, **callback_kwargs)
  File "C:\Users\lxmpt_p\Lek\login\views.py", line 29, in login_page
    logger.error(username, "auth in system!")
NameError: name 'logger' is not defined
2020-08-25 15:53:27,699 django.utils.autoreload INFO     C:\Users\lxmpt_p\Lek\login\views.py changed, reloading.
2020-08-25 15:53:27,708 asyncio      DEBUG    Using proactor: IocpProactor
2020-08-25 15:53:30,399 django.utils.autoreload INFO     Watching for file changes with StatReloader
2020-08-25 15:53:33,888 django.security.csrf WARNING  Forbidden (CSRF token missing or incorrect.): /
2020-08-25 15:54:46,511 asyncio      DEBUG    Using proactor: IocpProactor
2020-08-25 15:54:51,371 django.utils.autoreload INFO     Watching for file changes with StatReloader
2020-08-25 15:55:27,660 django.utils.autoreload INFO     C:\Users\lxmpt_p\Lek\login\views.py changed, reloading.
2020-08-25 15:55:27,662 asyncio      DEBUG    Using proactor: IocpProactor
2020-08-25 15:55:29,008 asyncio      DEBUG    Using proactor: IocpProactor
2020-08-25 15:55:33,631 django.utils.autoreload INFO     Watching for file changes with StatReloader
2020-08-25 15:55:44,468 login.views  ERROR    auth in system!
2020-08-25 15:56:17,158 django.utils.autoreload INFO     C:\Users\lxmpt_p\Lek\login\views.py changed, reloading.
2020-08-25 15:56:17,160 asyncio      DEBUG    Using proactor: IocpProactor
2020-08-25 15:56:19,227 django.utils.autoreload INFO     Watching for file changes with StatReloader
2020-08-25 15:56:23,718 login.views  ERROR    adminauth in system!
2020-08-25 15:56:41,888 django.utils.autoreload INFO     C:\Users\lxmpt_p\Lek\login\views.py changed, reloading.
2020-08-25 15:56:41,890 asyncio      DEBUG    Using proactor: IocpProactor
2020-08-25 15:56:44,317 django.utils.autoreload INFO     Watching for file changes with StatReloader
2020-08-25 15:57:06,873 django.utils.autoreload INFO     C:\Users\lxmpt_p\Lek\login\views.py changed, reloading.
2020-08-25 15:57:06,876 asyncio      DEBUG    Using proactor: IocpProactor
2020-08-25 15:57:08,897 django.utils.autoreload INFO     Watching for file changes with StatReloader
2020-08-25 15:57:17,902 login.views  INFO     admin auth in system!
2020-08-25 15:58:29,620 django.utils.autoreload INFO     C:\Users\lxmpt_p\Lek\createRequest\views.py changed, reloading.
2020-08-25 15:58:29,622 asyncio      DEBUG    Using proactor: IocpProactor
2020-08-25 15:58:31,806 django.utils.autoreload INFO     Watching for file changes with StatReloader
2020-08-25 15:59:40,706 django.utils.autoreload INFO     C:\Users\lxmpt_p\Lek\createRequest\views.py changed, reloading.
2020-08-25 15:59:40,708 asyncio      DEBUG    Using proactor: IocpProactor
2020-08-25 15:59:42,889 django.utils.autoreload INFO     Watching for file changes with StatReloader
2020-08-25 16:00:47,422 django.utils.autoreload INFO     C:\Users\lxmpt_p\Lek\createRequest\views.py changed, reloading.
2020-08-25 16:00:47,424 asyncio      DEBUG    Using proactor: IocpProactor
2020-08-25 16:00:49,287 django.utils.autoreload INFO     Watching for file changes with StatReloader
2020-08-25 16:00:52,076 django.request WARNING  Not Found: //profile
2020-08-25 16:01:16,029 django.utils.autoreload INFO     C:\Users\lxmpt_p\Lek\createRequest\views.py changed, reloading.
2020-08-25 16:01:16,032 asyncio      DEBUG    Using proactor: IocpProactor
2020-08-25 16:01:18,049 django.utils.autoreload INFO     Watching for file changes with StatReloader
2020-08-25 16:02:05,079 django.utils.autoreload INFO     C:\Users\lxmpt_p\Lek\createRequest\views.py changed, reloading.
2020-08-25 16:02:05,081 asyncio      DEBUG    Using proactor: IocpProactor
2020-08-25 16:02:07,274 django.utils.autoreload INFO     Watching for file changes with StatReloader
2020-08-25 16:02:08,075 createRequest.views INFO     admin open createRequestMki page!
2020-08-25 16:02:16,371 django.utils.autoreload INFO     C:\Users\lxmpt_p\Lek\createRequest\views.py changed, reloading.
2020-08-25 16:02:16,373 asyncio      DEBUG    Using proactor: IocpProactor
2020-08-25 16:02:18,730 django.utils.autoreload INFO     Watching for file changes with StatReloader
2020-08-25 16:02:19,265 createRequest.views INFO     admin open createRequest page!
2020-08-25 16:05:55,442 django.utils.autoreload INFO     C:\Users\lxmpt_p\Lek\infoRequest\views.py changed, reloading.
2020-08-25 16:05:55,444 asyncio      DEBUG    Using proactor: IocpProactor
2020-08-25 16:05:57,615 django.utils.autoreload INFO     Watching for file changes with StatReloader
2020-08-25 16:06:31,090 django.utils.autoreload INFO     C:\Users\lxmpt_p\Lek\infoRequest\views.py changed, reloading.
2020-08-25 16:06:31,092 asyncio      DEBUG    Using proactor: IocpProactor
2020-08-25 16:06:33,038 django.utils.autoreload INFO     Watching for file changes with StatReloader
2020-08-25 16:06:48,305 infoRequest.views INFO     admin DELETE request to create research with ID = 3
2020-08-25 16:08:52,889 django.utils.autoreload INFO     C:\Users\lxmpt_p\Lek\listForRegistration\views.py changed, reloading.
2020-08-25 16:08:52,891 asyncio      DEBUG    Using proactor: IocpProactor
2020-08-25 16:08:54,905 django.utils.autoreload INFO     Watching for file changes with StatReloader
2020-08-25 16:09:17,542 django.utils.autoreload INFO     C:\Users\lxmpt_p\Lek\listForRegistration\views.py changed, reloading.
2020-08-25 16:09:17,544 asyncio      DEBUG    Using proactor: IocpProactor
2020-08-25 16:09:19,499 django.utils.autoreload INFO     Watching for file changes with StatReloader
2020-08-25 16:09:25,326 createRequest.views INFO     admin open createRequest page!
2020-08-25 16:09:33,443 django.request ERROR    Internal Server Error: /listForRegistration/
Traceback (most recent call last):
  File "C:\Users\lxmpt_p\AppData\Local\Programs\Python\Python38-32\lib\site-packages\django\core\handlers\exception.py", line 34, in inner
    response = get_response(request)
  File "C:\Users\lxmpt_p\AppData\Local\Programs\Python\Python38-32\lib\site-packages\django\core\handlers\base.py", line 115, in _get_response
    response = self.process_exception_by_middleware(e, request)
  File "C:\Users\lxmpt_p\AppData\Local\Programs\Python\Python38-32\lib\site-packages\django\core\handlers\base.py", line 113, in _get_response
    response = wrapped_callback(request, *callback_args, **callback_kwargs)
  File "C:\Users\lxmpt_p\Lek\listForRegistration\views.py", line 110, in listForRegistrationPage
    logger.info(str(request.user.username) + " ACCEPT user request from registration with username =", + req[1])
TypeError: bad operand type for unary +: 'str'
2020-08-25 16:09:54,849 django.utils.autoreload INFO     C:\Users\lxmpt_p\Lek\listForRegistration\views.py changed, reloading.
2020-08-25 16:09:54,851 asyncio      DEBUG    Using proactor: IocpProactor
2020-08-25 16:09:56,860 django.utils.autoreload INFO     Watching for file changes with StatReloader
2020-08-25 16:09:58,182 django.request ERROR    Internal Server Error: /listForRegistration/
Traceback (most recent call last):
  File "C:\Users\lxmpt_p\AppData\Local\Programs\Python\Python38-32\lib\site-packages\django\db\backends\utils.py", line 86, in _execute
    return self.cursor.execute(sql, params)
  File "C:\Users\lxmpt_p\AppData\Local\Programs\Python\Python38-32\lib\site-packages\django\db\backends\sqlite3\base.py", line 396, in execute
    return Database.Cursor.execute(self, query, params)
sqlite3.IntegrityError: UNIQUE constraint failed: listForRegistration_registeredusers.username

The above exception was the direct cause of the following exception:

Traceback (most recent call last):
  File "C:\Users\lxmpt_p\AppData\Local\Programs\Python\Python38-32\lib\site-packages\django\core\handlers\exception.py", line 34, in inner
    response = get_response(request)
  File "C:\Users\lxmpt_p\AppData\Local\Programs\Python\Python38-32\lib\site-packages\django\core\handlers\base.py", line 115, in _get_response
    response = self.process_exception_by_middleware(e, request)
  File "C:\Users\lxmpt_p\AppData\Local\Programs\Python\Python38-32\lib\site-packages\django\core\handlers\base.py", line 113, in _get_response
    response = wrapped_callback(request, *callback_args, **callback_kwargs)
  File "C:\Users\lxmpt_p\Lek\listForRegistration\views.py", line 91, in listForRegistrationPage
    user = User.objects.create_user(username=req[1],
  File "C:\Users\lxmpt_p\AppData\Local\Programs\Python\Python38-32\lib\site-packages\django\contrib\auth\models.py", line 147, in create_user
    return self._create_user(username, email, password, **extra_fields)
  File "C:\Users\lxmpt_p\AppData\Local\Programs\Python\Python38-32\lib\site-packages\django\contrib\auth\models.py", line 141, in _create_user
    user.save(using=self._db)
  File "C:\Users\lxmpt_p\AppData\Local\Programs\Python\Python38-32\lib\site-packages\django\contrib\auth\base_user.py", line 66, in save
    super().save(*args, **kwargs)
  File "C:\Users\lxmpt_p\AppData\Local\Programs\Python\Python38-32\lib\site-packages\django\db\models\base.py", line 745, in save
    self.save_base(using=using, force_insert=force_insert,
  File "C:\Users\lxmpt_p\AppData\Local\Programs\Python\Python38-32\lib\site-packages\django\db\models\base.py", line 782, in save_base
    updated = self._save_table(
  File "C:\Users\lxmpt_p\AppData\Local\Programs\Python\Python38-32\lib\site-packages\django\db\models\base.py", line 887, in _save_table
    results = self._do_insert(cls._base_manager, using, fields, returning_fields, raw)
  File "C:\Users\lxmpt_p\AppData\Local\Programs\Python\Python38-32\lib\site-packages\django\db\models\base.py", line 924, in _do_insert
    return manager._insert(
  File "C:\Users\lxmpt_p\AppData\Local\Programs\Python\Python38-32\lib\site-packages\django\db\models\manager.py", line 82, in manager_method
    return getattr(self.get_queryset(), name)(*args, **kwargs)
  File "C:\Users\lxmpt_p\AppData\Local\Programs\Python\Python38-32\lib\site-packages\django\db\models\query.py", line 1204, in _insert
    return query.get_compiler(using=using).execute_sql(returning_fields)
  File "C:\Users\lxmpt_p\AppData\Local\Programs\Python\Python38-32\lib\site-packages\django\db\models\sql\compiler.py", line 1392, in execute_sql
    cursor.execute(sql, params)
  File "C:\Users\lxmpt_p\AppData\Local\Programs\Python\Python38-32\lib\site-packages\django\db\backends\utils.py", line 100, in execute
    return super().execute(sql, params)
  File "C:\Users\lxmpt_p\AppData\Local\Programs\Python\Python38-32\lib\site-packages\django\db\backends\utils.py", line 68, in execute
    return self._execute_with_wrappers(sql, params, many=False, executor=self._execute)
  File "C:\Users\lxmpt_p\AppData\Local\Programs\Python\Python38-32\lib\site-packages\django\db\backends\utils.py", line 77, in _execute_with_wrappers
    return executor(sql, params, many, context)
  File "C:\Users\lxmpt_p\AppData\Local\Programs\Python\Python38-32\lib\site-packages\django\db\backends\utils.py", line 86, in _execute
    return self.cursor.execute(sql, params)
  File "C:\Users\lxmpt_p\AppData\Local\Programs\Python\Python38-32\lib\site-packages\django\db\utils.py", line 90, in __exit__
    raise dj_exc_value.with_traceback(traceback) from exc_value
  File "C:\Users\lxmpt_p\AppData\Local\Programs\Python\Python38-32\lib\site-packages\django\db\backends\utils.py", line 86, in _execute
    return self.cursor.execute(sql, params)
  File "C:\Users\lxmpt_p\AppData\Local\Programs\Python\Python38-32\lib\site-packages\django\db\backends\sqlite3\base.py", line 396, in execute
    return Database.Cursor.execute(self, query, params)
django.db.utils.IntegrityError: UNIQUE constraint failed: listForRegistration_registeredusers.username
2020-08-25 16:10:05,421 django.request ERROR    Internal Server Error: /listForRegistration/
Traceback (most recent call last):
  File "C:\Users\lxmpt_p\AppData\Local\Programs\Python\Python38-32\lib\site-packages\django\core\handlers\exception.py", line 34, in inner
    response = get_response(request)
  File "C:\Users\lxmpt_p\AppData\Local\Programs\Python\Python38-32\lib\site-packages\django\core\handlers\base.py", line 115, in _get_response
    response = self.process_exception_by_middleware(e, request)
  File "C:\Users\lxmpt_p\AppData\Local\Programs\Python\Python38-32\lib\site-packages\django\core\handlers\base.py", line 113, in _get_response
    response = wrapped_callback(request, *callback_args, **callback_kwargs)
  File "C:\Users\lxmpt_p\Lek\listForRegistration\views.py", line 116, in listForRegistrationPage
    logger.info(str(request.user.username) + " DELETE user request from registration with username =", + str(req[1]))
IndexError: string index out of range
2020-08-25 16:10:26,447 django.utils.autoreload INFO     C:\Users\lxmpt_p\Lek\listForRegistration\views.py changed, reloading.
2020-08-25 16:10:26,449 asyncio      DEBUG    Using proactor: IocpProactor
2020-08-25 16:10:28,635 django.utils.autoreload INFO     Watching for file changes with StatReloader
2020-08-25 16:10:29,388 django.request ERROR    Internal Server Error: /listForRegistration/
Traceback (most recent call last):
  File "C:\Users\lxmpt_p\AppData\Local\Programs\Python\Python38-32\lib\site-packages\django\core\handlers\exception.py", line 34, in inner
    response = get_response(request)
  File "C:\Users\lxmpt_p\AppData\Local\Programs\Python\Python38-32\lib\site-packages\django\core\handlers\base.py", line 115, in _get_response
    response = self.process_exception_by_middleware(e, request)
  File "C:\Users\lxmpt_p\AppData\Local\Programs\Python\Python38-32\lib\site-packages\django\core\handlers\base.py", line 113, in _get_response
    response = wrapped_callback(request, *callback_args, **callback_kwargs)
  File "C:\Users\lxmpt_p\Lek\listForRegistration\views.py", line 116, in listForRegistrationPage
    logger.info(str(request.user.username) + " DELETE user request from registration with username =" + str(req[1]))
IndexError: string index out of range
2020-08-25 16:10:33,905 django.request ERROR    Internal Server Error: /listForRegistration/
Traceback (most recent call last):
  File "C:\Users\lxmpt_p\AppData\Local\Programs\Python\Python38-32\lib\site-packages\django\core\handlers\exception.py", line 34, in inner
    response = get_response(request)
  File "C:\Users\lxmpt_p\AppData\Local\Programs\Python\Python38-32\lib\site-packages\django\core\handlers\base.py", line 115, in _get_response
    response = self.process_exception_by_middleware(e, request)
  File "C:\Users\lxmpt_p\AppData\Local\Programs\Python\Python38-32\lib\site-packages\django\core\handlers\base.py", line 113, in _get_response
    response = wrapped_callback(request, *callback_args, **callback_kwargs)
  File "C:\Users\lxmpt_p\Lek\listForRegistration\views.py", line 116, in listForRegistrationPage
    logger.info(str(request.user.username) + " DELETE user request from registration with username =" + str(req[1]))
IndexError: string index out of range
2020-08-25 16:11:16,018 django.utils.autoreload INFO     C:\Users\lxmpt_p\Lek\listForRegistration\views.py changed, reloading.
2020-08-25 16:11:16,020 asyncio      DEBUG    Using proactor: IocpProactor
2020-08-25 16:11:18,081 django.utils.autoreload INFO     Watching for file changes with StatReloader
2020-08-25 16:12:38,318 django.utils.autoreload INFO     C:\Users\lxmpt_p\Lek\listForRegistration\views.py changed, reloading.
2020-08-25 16:12:38,320 asyncio      DEBUG    Using proactor: IocpProactor
2020-08-25 16:12:40,361 django.utils.autoreload INFO     Watching for file changes with StatReloader
2020-08-25 16:12:40,988 listForRegistration.views INFO     admin DELETE user request from registration
2020-08-25 16:13:06,098 django.utils.autoreload INFO     C:\Users\lxmpt_p\Lek\listForRegistration\views.py changed, reloading.
2020-08-25 16:13:06,099 asyncio      DEBUG    Using proactor: IocpProactor
2020-08-25 16:13:08,216 django.utils.autoreload INFO     Watching for file changes with StatReloader
2020-08-26 02:52:17,033 asyncio      DEBUG    Using proactor: IocpProactor
2020-08-26 02:52:17,407 asyncio      DEBUG    Using proactor: IocpProactor
2020-10-06 19:25:43,016 django.utils.autoreload INFO     Watching for file changes with StatReloader
2020-10-06 19:26:27,037 django.utils.autoreload INFO     C:\Lek\createRequest\views.py changed, reloading.
2020-10-06 19:26:27,038 asyncio      DEBUG    Using proactor: IocpProactor
2020-10-06 19:26:28,142 django.utils.autoreload INFO     Watching for file changes with StatReloader
2020-10-06 19:27:02,508 login.views  INFO     admin auth in system!
2020-10-06 19:28:12,243 django.request WARNING  Not Found: /favicon.ico
2020-10-06 19:29:28,998 django.utils.autoreload INFO     C:\Lek\meeting\views.py changed, reloading.
2020-10-06 19:29:29,005 asyncio      DEBUG    Using proactor: IocpProactor
2020-10-06 19:29:30,298 django.utils.autoreload INFO     Watching for file changes with StatReloader
2020-10-06 19:29:40,085 django.request ERROR    Internal Server Error: /meeting/
Traceback (most recent call last):
  File "C:\Users\Компьютер\AppData\Local\Programs\Python\Python38-32\lib\site-packages\django\core\handlers\exception.py", line 34, in inner
    response = get_response(request)
  File "C:\Users\Компьютер\AppData\Local\Programs\Python\Python38-32\lib\site-packages\django\core\handlers\base.py", line 115, in _get_response
    response = self.process_exception_by_middleware(e, request)
  File "C:\Users\Компьютер\AppData\Local\Programs\Python\Python38-32\lib\site-packages\django\core\handlers\base.py", line 113, in _get_response
    response = wrapped_callback(request, *callback_args, **callback_kwargs)
  File "C:\Lek\meeting\views.py", line 32, in create_meeting
    print(form.date)
AttributeError: 'meetingCreate' object has no attribute 'date'
2020-10-06 19:30:05,348 django.utils.autoreload INFO     C:\Lek\meeting\views.py changed, reloading.
2020-10-06 19:30:05,349 asyncio      DEBUG    Using proactor: IocpProactor
2020-10-06 19:30:06,477 django.utils.autoreload INFO     Watching for file changes with StatReloader
2020-10-06 19:31:42,547 django.utils.autoreload INFO     C:\Lek\createRequest\models.py changed, reloading.
2020-10-06 19:31:42,548 asyncio      DEBUG    Using proactor: IocpProactor
2020-10-06 19:31:44,721 django.utils.autoreload INFO     Watching for file changes with StatReloader
2020-10-06 19:32:16,892 django.utils.autoreload INFO     C:\Lek\createRequest\models.py changed, reloading.
2020-10-06 19:32:16,894 asyncio      DEBUG    Using proactor: IocpProactor
2020-10-06 19:32:18,092 django.utils.autoreload INFO     Watching for file changes with StatReloader
2020-10-06 19:33:13,557 django.utils.autoreload INFO     C:\Lek\createRequest\models.py changed, reloading.
2020-10-06 19:33:13,559 asyncio      DEBUG    Using proactor: IocpProactor
2020-10-06 19:33:14,712 django.utils.autoreload INFO     Watching for file changes with StatReloader
2020-10-06 19:34:22,929 django.utils.autoreload INFO     C:\Lek\createRequest\models.py changed, reloading.
2020-10-06 19:34:22,930 asyncio      DEBUG    Using proactor: IocpProactor
2020-10-06 19:34:24,133 django.utils.autoreload INFO     Watching for file changes with StatReloader
2020-10-06 19:36:10,420 django.utils.autoreload INFO     C:\Lek\createRequest\models.py changed, reloading.
2020-10-06 19:36:10,422 asyncio      DEBUG    Using proactor: IocpProactor
2020-10-06 19:36:11,540 django.utils.autoreload INFO     Watching for file changes with StatReloader
2020-10-06 19:36:20,821 django.utils.autoreload INFO     C:\Lek\createRequest\models.py changed, reloading.
2020-10-06 19:36:20,822 asyncio      DEBUG    Using proactor: IocpProactor
2020-10-06 19:36:22,101 django.utils.autoreload INFO     Watching for file changes with StatReloader
2020-10-06 19:36:48,309 django.utils.autoreload INFO     C:\Lek\meeting\models.py changed, reloading.
2020-10-06 19:36:48,310 asyncio      DEBUG    Using proactor: IocpProactor
2020-10-06 19:36:49,397 django.utils.autoreload INFO     Watching for file changes with StatReloader
2020-10-06 19:36:54,954 django.utils.autoreload INFO     C:\Lek\meeting\models.py changed, reloading.
2020-10-06 19:36:54,955 asyncio      DEBUG    Using proactor: IocpProactor
2020-10-06 19:36:56,274 django.utils.autoreload INFO     Watching for file changes with StatReloader
2020-10-06 19:37:17,080 django.utils.autoreload INFO     C:\Lek\meeting\models.py changed, reloading.
2020-10-06 19:37:17,081 asyncio      DEBUG    Using proactor: IocpProactor
2020-10-06 19:37:18,331 django.utils.autoreload INFO     Watching for file changes with StatReloader
2020-10-06 19:37:32,985 django.utils.autoreload INFO     C:\Lek\meeting\models.py changed, reloading.
2020-10-06 19:37:32,986 asyncio      DEBUG    Using proactor: IocpProactor
2020-10-06 19:37:34,741 django.utils.autoreload INFO     Watching for file changes with StatReloader
2020-10-06 19:41:18,280 django.utils.autoreload INFO     C:\Lek\meeting\views.py changed, reloading.
2020-10-06 19:41:18,282 asyncio      DEBUG    Using proactor: IocpProactor
2020-10-06 19:41:19,667 django.utils.autoreload INFO     Watching for file changes with StatReloader
2020-10-06 19:42:09,935 django.utils.autoreload INFO     C:\Lek\meeting\views.py changed, reloading.
2020-10-06 19:42:09,937 asyncio      DEBUG    Using proactor: IocpProactor
2020-10-06 19:42:11,270 django.utils.autoreload INFO     Watching for file changes with StatReloader
2020-10-06 19:43:14,314 django.utils.autoreload INFO     C:\Lek\meeting\views.py changed, reloading.
2020-10-06 19:43:14,316 asyncio      DEBUG    Using proactor: IocpProactor
2020-10-06 19:43:15,484 django.utils.autoreload INFO     Watching for file changes with StatReloader
2020-10-06 19:43:17,206 django.request ERROR    Internal Server Error: /meeting/
Traceback (most recent call last):
  File "C:\Users\Компьютер\AppData\Local\Programs\Python\Python38-32\lib\site-packages\django\core\handlers\exception.py", line 34, in inner
    response = get_response(request)
  File "C:\Users\Компьютер\AppData\Local\Programs\Python\Python38-32\lib\site-packages\django\core\handlers\base.py", line 115, in _get_response
    response = self.process_exception_by_middleware(e, request)
  File "C:\Users\Компьютер\AppData\Local\Programs\Python\Python38-32\lib\site-packages\django\core\handlers\base.py", line 113, in _get_response
    response = wrapped_callback(request, *callback_args, **callback_kwargs)
  File "C:\Lek\meeting\views.py", line 33, in create_meeting
    print(form.date)
AttributeError: 'meetingCreate' object has no attribute 'date'
2020-10-06 19:44:21,145 django.utils.autoreload INFO     C:\Lek\meeting\views.py changed, reloading.
2020-10-06 19:44:21,147 asyncio      DEBUG    Using proactor: IocpProactor
2020-10-06 19:44:22,221 django.utils.autoreload INFO     Watching for file changes with StatReloader
2020-10-06 19:47:29,482 django.utils.autoreload INFO     C:\Lek\meeting\views.py changed, reloading.
2020-10-06 19:47:29,483 asyncio      DEBUG    Using proactor: IocpProactor
2020-10-06 19:47:30,655 django.utils.autoreload INFO     Watching for file changes with StatReloader
2020-10-06 19:48:13,250 django.utils.autoreload INFO     C:\Lek\meeting\views.py changed, reloading.
2020-10-06 19:48:13,252 asyncio      DEBUG    Using proactor: IocpProactor
2020-10-06 19:48:14,421 django.utils.autoreload INFO     Watching for file changes with StatReloader
2020-10-06 19:48:15,713 django.request ERROR    Internal Server Error: /meeting/
Traceback (most recent call last):
  File "C:\Users\Компьютер\AppData\Local\Programs\Python\Python38-32\lib\site-packages\django\core\handlers\exception.py", line 34, in inner
    response = get_response(request)
  File "C:\Users\Компьютер\AppData\Local\Programs\Python\Python38-32\lib\site-packages\django\core\handlers\base.py", line 115, in _get_response
    response = self.process_exception_by_middleware(e, request)
  File "C:\Users\Компьютер\AppData\Local\Programs\Python\Python38-32\lib\site-packages\django\core\handlers\base.py", line 113, in _get_response
    response = wrapped_callback(request, *callback_args, **callback_kwargs)
  File "C:\Lek\meeting\views.py", line 32, in create_meeting
    if (form is valid):
NameError: name 'valid' is not defined
2020-10-06 19:48:37,722 django.utils.autoreload INFO     C:\Lek\meeting\views.py changed, reloading.
2020-10-06 19:48:37,724 asyncio      DEBUG    Using proactor: IocpProactor
2020-10-06 19:48:39,059 django.utils.autoreload INFO     Watching for file changes with StatReloader
2020-10-06 19:49:05,551 django.utils.autoreload INFO     C:\Lek\meeting\views.py changed, reloading.
2020-10-06 19:49:05,552 asyncio      DEBUG    Using proactor: IocpProactor
2020-10-06 19:49:06,781 django.utils.autoreload INFO     Watching for file changes with StatReloader
2020-10-06 19:49:17,592 django.utils.autoreload INFO     C:\Lek\meeting\views.py changed, reloading.
2020-10-06 19:49:17,593 asyncio      DEBUG    Using proactor: IocpProactor
2020-10-06 19:49:18,773 django.utils.autoreload INFO     Watching for file changes with StatReloader
2020-10-06 19:49:34,810 django.utils.autoreload INFO     C:\Lek\meeting\views.py changed, reloading.
2020-10-06 19:49:34,811 asyncio      DEBUG    Using proactor: IocpProactor
2020-10-06 19:49:36,008 django.utils.autoreload INFO     Watching for file changes with StatReloader
2020-10-06 19:50:29,032 django.utils.autoreload INFO     C:\Lek\meeting\forms.py changed, reloading.
2020-10-06 19:50:29,033 asyncio      DEBUG    Using proactor: IocpProactor
2020-10-06 19:50:30,799 django.utils.autoreload INFO     Watching for file changes with StatReloader
2020-10-06 19:51:33,020 django.utils.autoreload INFO     C:\Lek\meeting\views.py changed, reloading.
2020-10-06 19:51:33,024 asyncio      DEBUG    Using proactor: IocpProactor
2020-10-06 19:51:34,274 django.utils.autoreload INFO     Watching for file changes with StatReloader
2020-10-06 20:13:28,535 django.utils.autoreload INFO     C:\Lek\meeting\views.py changed, reloading.
2020-10-06 20:13:28,538 asyncio      DEBUG    Using proactor: IocpProactor
2020-10-06 20:13:29,844 django.utils.autoreload INFO     Watching for file changes with StatReloader
2020-10-06 20:13:32,964 asyncio      DEBUG    Using proactor: IocpProactor
2020-10-06 20:13:33,034 asyncio      DEBUG    Using proactor: IocpProactor
2020-10-06 20:14:03,323 django.utils.autoreload INFO     Watching for file changes with StatReloader
2020-10-06 20:14:26,731 django.utils.autoreload INFO     C:\Lek\meeting\models.py changed, reloading.
2020-10-06 20:14:26,733 asyncio      DEBUG    Using proactor: IocpProactor
2020-10-06 20:14:27,908 django.utils.autoreload INFO     Watching for file changes with StatReloader
2020-10-06 20:14:35,913 asyncio      DEBUG    Using proactor: IocpProactor
2020-10-06 20:14:36,035 asyncio      DEBUG    Using proactor: IocpProactor
2020-10-06 20:14:46,773 django.utils.autoreload INFO     Watching for file changes with StatReloader
2020-10-06 20:16:35,800 django.utils.autoreload INFO     C:\Lek\meeting\views.py changed, reloading.
2020-10-06 20:16:35,802 asyncio      DEBUG    Using proactor: IocpProactor
2020-10-06 20:16:37,212 django.utils.autoreload INFO     Watching for file changes with StatReloader
2020-10-06 20:17:15,109 django.utils.autoreload INFO     C:\Lek\meeting\views.py changed, reloading.
2020-10-06 20:17:15,111 asyncio      DEBUG    Using proactor: IocpProactor
2020-10-06 20:17:16,194 django.utils.autoreload INFO     Watching for file changes with StatReloader
2020-10-06 20:17:59,618 django.utils.autoreload INFO     C:\Lek\createRequest\__init__.py changed, reloading.
2020-10-06 20:17:59,619 asyncio      DEBUG    Using proactor: IocpProactor
2020-10-06 20:18:00,801 django.utils.autoreload INFO     Watching for file changes with StatReloader
2020-10-06 20:18:14,087 django.utils.autoreload INFO     C:\Lek\meeting\views.py changed, reloading.
2020-10-06 20:18:14,094 asyncio      DEBUG    Using proactor: IocpProactor
2020-10-06 20:18:15,876 django.utils.autoreload INFO     Watching for file changes with StatReloader
2020-10-06 20:19:01,618 django.request ERROR    Internal Server Error: /meeting/
Traceback (most recent call last):
  File "C:\Users\Компьютер\AppData\Local\Programs\Python\Python38-32\lib\site-packages\django\core\handlers\exception.py", line 34, in inner
    response = get_response(request)
  File "C:\Users\Компьютер\AppData\Local\Programs\Python\Python38-32\lib\site-packages\django\core\handlers\base.py", line 115, in _get_response
    response = self.process_exception_by_middleware(e, request)
  File "C:\Users\Компьютер\AppData\Local\Programs\Python\Python38-32\lib\site-packages\django\core\handlers\base.py", line 113, in _get_response
    response = wrapped_callback(request, *callback_args, **callback_kwargs)
  File "C:\Lek\meeting\views.py", line 38, in create_meeting
    print(form.error)
AttributeError: 'meetingCreate' object has no attribute 'error'
2020-10-06 20:19:02,087 django.request WARNING  Not Found: /favicon.ico
2020-10-06 20:19:07,770 django.utils.autoreload INFO     C:\Lek\meeting\views.py changed, reloading.
2020-10-06 20:19:07,771 asyncio      DEBUG    Using proactor: IocpProactor
2020-10-06 20:19:09,057 django.utils.autoreload INFO     Watching for file changes with StatReloader
2020-10-06 20:20:27,439 django.utils.autoreload INFO     C:\Lek\meeting\views.py changed, reloading.
2020-10-06 20:20:27,440 asyncio      DEBUG    Using proactor: IocpProactor
2020-10-06 20:20:28,785 django.utils.autoreload INFO     Watching for file changes with StatReloader
2020-10-06 20:21:10,323 django.utils.autoreload INFO     C:\Lek\meeting\views.py changed, reloading.
2020-10-06 20:21:10,325 asyncio      DEBUG    Using proactor: IocpProactor
2020-10-06 20:21:11,515 django.utils.autoreload INFO     Watching for file changes with StatReloader
2020-10-06 20:21:12,407 django.request ERROR    Internal Server Error: /meeting/
Traceback (most recent call last):
  File "C:\Users\Компьютер\AppData\Local\Programs\Python\Python38-32\lib\site-packages\django\core\handlers\exception.py", line 34, in inner
    response = get_response(request)
  File "C:\Users\Компьютер\AppData\Local\Programs\Python\Python38-32\lib\site-packages\django\core\handlers\base.py", line 115, in _get_response
    response = self.process_exception_by_middleware(e, request)
  File "C:\Users\Компьютер\AppData\Local\Programs\Python\Python38-32\lib\site-packages\django\core\handlers\base.py", line 113, in _get_response
    response = wrapped_callback(request, *callback_args, **callback_kwargs)
  File "C:\Lek\meeting\views.py", line 38, in create_meeting
    form.save()
AttributeError: 'meetingCreate' object has no attribute 'save'
2020-10-06 20:24:30,972 django.utils.autoreload INFO     C:\Lek\meeting\views.py changed, reloading.
2020-10-06 20:24:30,973 asyncio      DEBUG    Using proactor: IocpProactor
2020-10-06 20:24:32,424 django.utils.autoreload INFO     Watching for file changes with StatReloader
2020-10-06 20:24:47,034 django.utils.autoreload INFO     C:\Lek\meeting\views.py changed, reloading.
2020-10-06 20:24:47,037 asyncio      DEBUG    Using proactor: IocpProactor
2020-10-06 20:24:48,333 django.utils.autoreload INFO     Watching for file changes with StatReloader
2020-10-06 20:24:56,556 django.utils.autoreload INFO     C:\Lek\meeting\views.py changed, reloading.
2020-10-06 20:24:56,557 asyncio      DEBUG    Using proactor: IocpProactor
2020-10-06 20:24:57,837 django.utils.autoreload INFO     Watching for file changes with StatReloader
2020-10-06 20:25:01,516 django.request ERROR    Internal Server Error: /meeting/
Traceback (most recent call last):
  File "C:\Users\Компьютер\AppData\Local\Programs\Python\Python38-32\lib\site-packages\django\core\handlers\exception.py", line 34, in inner
    response = get_response(request)
  File "C:\Users\Компьютер\AppData\Local\Programs\Python\Python38-32\lib\site-packages\django\core\handlers\base.py", line 115, in _get_response
    response = self.process_exception_by_middleware(e, request)
  File "C:\Users\Компьютер\AppData\Local\Programs\Python\Python38-32\lib\site-packages\django\core\handlers\base.py", line 113, in _get_response
    response = wrapped_callback(request, *callback_args, **callback_kwargs)
  File "C:\Lek\meeting\views.py", line 36, in create_meeting
    args = form.save(commit=False)  # принимаем данные от формы
AttributeError: 'meetingCreate' object has no attribute 'save'
2020-10-06 20:25:07,667 django.utils.autoreload INFO     C:\Lek\meeting\views.py changed, reloading.
2020-10-06 20:25:07,668 asyncio      DEBUG    Using proactor: IocpProactor
2020-10-06 20:25:08,744 django.utils.autoreload INFO     Watching for file changes with StatReloader
2020-10-06 20:25:09,913 django.request ERROR    Internal Server Error: /meeting/
Traceback (most recent call last):
  File "C:\Users\Компьютер\AppData\Local\Programs\Python\Python38-32\lib\site-packages\django\core\handlers\exception.py", line 34, in inner
    response = get_response(request)
  File "C:\Users\Компьютер\AppData\Local\Programs\Python\Python38-32\lib\site-packages\django\core\handlers\base.py", line 115, in _get_response
    response = self.process_exception_by_middleware(e, request)
  File "C:\Users\Компьютер\AppData\Local\Programs\Python\Python38-32\lib\site-packages\django\core\handlers\base.py", line 113, in _get_response
    response = wrapped_callback(request, *callback_args, **callback_kwargs)
  File "C:\Lek\meeting\views.py", line 36, in create_meeting
    args = form.save(commit=False)
AttributeError: 'meetingCreate' object has no attribute 'save'
2020-10-06 20:25:26,880 django.utils.autoreload INFO     C:\Lek\meeting\views.py changed, reloading.
2020-10-06 20:25:26,882 asyncio      DEBUG    Using proactor: IocpProactor
2020-10-06 20:25:28,709 django.utils.autoreload INFO     Watching for file changes with StatReloader
2020-10-06 20:26:27,017 django.utils.autoreload INFO     C:\Lek\meeting\views.py changed, reloading.
2020-10-06 20:26:27,020 asyncio      DEBUG    Using proactor: IocpProactor
2020-10-06 20:26:28,267 django.utils.autoreload INFO     Watching for file changes with StatReloader
2020-10-06 20:26:41,362 django.utils.autoreload INFO     C:\Lek\meeting\views.py changed, reloading.
2020-10-06 20:26:41,366 asyncio      DEBUG    Using proactor: IocpProactor
2020-10-06 20:26:42,691 django.utils.autoreload INFO     Watching for file changes with StatReloader
2020-10-06 20:27:08,809 django.utils.autoreload INFO     C:\Lek\meeting\views.py changed, reloading.
2020-10-06 20:27:08,810 asyncio      DEBUG    Using proactor: IocpProactor
2020-10-06 20:27:10,202 django.utils.autoreload INFO     Watching for file changes with StatReloader
2020-10-06 20:27:12,972 django.request ERROR    Internal Server Error: /meeting/
Traceback (most recent call last):
  File "C:\Users\Компьютер\AppData\Local\Programs\Python\Python38-32\lib\site-packages\django\core\handlers\exception.py", line 34, in inner
    response = get_response(request)
  File "C:\Users\Компьютер\AppData\Local\Programs\Python\Python38-32\lib\site-packages\django\core\handlers\base.py", line 115, in _get_response
    response = self.process_exception_by_middleware(e, request)
  File "C:\Users\Компьютер\AppData\Local\Programs\Python\Python38-32\lib\site-packages\django\core\handlers\base.py", line 113, in _get_response
    response = wrapped_callback(request, *callback_args, **callback_kwargs)
  File "C:\Lek\meeting\views.py", line 36, in create_meeting
    args = form.save(commit=False)
AttributeError: 'meetingCreate' object has no attribute 'save'
2020-10-06 20:27:49,654 django.utils.autoreload INFO     C:\Lek\meeting\views.py changed, reloading.
2020-10-06 20:27:49,655 asyncio      DEBUG    Using proactor: IocpProactor
2020-10-06 20:27:50,857 django.utils.autoreload INFO     Watching for file changes with StatReloader
2020-10-06 20:28:10,257 django.utils.autoreload INFO     C:\Lek\meeting\forms.py changed, reloading.
2020-10-06 20:28:10,258 asyncio      DEBUG    Using proactor: IocpProactor
2020-10-06 20:28:11,462 django.utils.autoreload INFO     Watching for file changes with StatReloader
2020-10-06 20:28:16,988 django.utils.autoreload INFO     C:\Lek\meeting\forms.py changed, reloading.
2020-10-06 20:28:16,990 asyncio      DEBUG    Using proactor: IocpProactor
2020-10-06 20:28:18,154 django.utils.autoreload INFO     Watching for file changes with StatReloader
2020-10-06 20:28:21,124 django.request ERROR    Internal Server Error: /meeting/
Traceback (most recent call last):
  File "C:\Users\Компьютер\AppData\Local\Programs\Python\Python38-32\lib\site-packages\django\core\handlers\exception.py", line 34, in inner
    response = get_response(request)
  File "C:\Users\Компьютер\AppData\Local\Programs\Python\Python38-32\lib\site-packages\django\core\handlers\base.py", line 115, in _get_response
    response = self.process_exception_by_middleware(e, request)
  File "C:\Users\Компьютер\AppData\Local\Programs\Python\Python38-32\lib\site-packages\django\core\handlers\base.py", line 113, in _get_response
    response = wrapped_callback(request, *callback_args, **callback_kwargs)
  File "C:\Lek\meeting\views.py", line 13, in create_meeting
    form = meetingCreate()
  File "C:\Users\Компьютер\AppData\Local\Programs\Python\Python38-32\lib\site-packages\django\forms\models.py", line 286, in __init__
    raise ValueError('ModelForm has no model class specified.')
ValueError: ModelForm has no model class specified.
2020-10-06 20:28:27,783 django.utils.autoreload INFO     C:\Lek\meeting\forms.py changed, reloading.
2020-10-06 20:28:27,785 asyncio      DEBUG    Using proactor: IocpProactor
2020-10-06 20:28:29,171 django.utils.autoreload INFO     Watching for file changes with StatReloader
2020-10-06 20:28:31,776 django.request ERROR    Internal Server Error: /meeting/
Traceback (most recent call last):
  File "C:\Users\Компьютер\AppData\Local\Programs\Python\Python38-32\lib\site-packages\django\core\handlers\exception.py", line 34, in inner
    response = get_response(request)
  File "C:\Users\Компьютер\AppData\Local\Programs\Python\Python38-32\lib\site-packages\django\core\handlers\base.py", line 115, in _get_response
    response = self.process_exception_by_middleware(e, request)
  File "C:\Users\Компьютер\AppData\Local\Programs\Python\Python38-32\lib\site-packages\django\core\handlers\base.py", line 113, in _get_response
    response = wrapped_callback(request, *callback_args, **callback_kwargs)
  File "C:\Lek\meeting\views.py", line 36, in create_meeting
    args = form.save(commit=False)
AttributeError: 'meetingCreate' object has no attribute 'save'
2020-10-06 20:30:22,459 django.utils.autoreload INFO     C:\Lek\meeting\views.py changed, reloading.
2020-10-06 20:30:22,460 asyncio      DEBUG    Using proactor: IocpProactor
2020-10-06 20:30:23,615 django.utils.autoreload INFO     Watching for file changes with StatReloader
2020-10-06 20:30:34,330 django.utils.autoreload INFO     C:\Lek\meeting\views.py changed, reloading.
2020-10-06 20:30:34,332 asyncio      DEBUG    Using proactor: IocpProactor
2020-10-06 20:30:35,568 django.utils.autoreload INFO     Watching for file changes with StatReloader
2020-10-06 20:31:00,306 django.utils.autoreload INFO     C:\Lek\meeting\views.py changed, reloading.
2020-10-06 20:31:00,307 asyncio      DEBUG    Using proactor: IocpProactor
2020-10-06 20:31:01,447 django.utils.autoreload INFO     Watching for file changes with StatReloader
2020-10-06 20:31:03,270 django.utils.autoreload INFO     C:\Lek\meeting\views.py changed, reloading.
2020-10-06 20:31:03,270 asyncio      DEBUG    Using proactor: IocpProactor
2020-10-06 20:31:04,630 django.utils.autoreload INFO     Watching for file changes with StatReloader
2020-10-06 20:31:06,455 django.request ERROR    Internal Server Error: /meeting/
Traceback (most recent call last):
  File "C:\Users\Компьютер\AppData\Local\Programs\Python\Python38-32\lib\site-packages\django\core\handlers\exception.py", line 34, in inner
    response = get_response(request)
  File "C:\Users\Компьютер\AppData\Local\Programs\Python\Python38-32\lib\site-packages\django\core\handlers\base.py", line 115, in _get_response
    response = self.process_exception_by_middleware(e, request)
  File "C:\Users\Компьютер\AppData\Local\Programs\Python\Python38-32\lib\site-packages\django\core\handlers\base.py", line 113, in _get_response
    response = wrapped_callback(request, *callback_args, **callback_kwargs)
  File "C:\Lek\meeting\views.py", line 39, in create_meeting
    search = Search(
NameError: name 'Search' is not defined
2020-10-06 20:31:59,903 django.utils.autoreload INFO     C:\Lek\meeting\views.py changed, reloading.
2020-10-06 20:31:59,904 asyncio      DEBUG    Using proactor: IocpProactor
2020-10-06 20:32:01,149 django.utils.autoreload INFO     Watching for file changes with StatReloader
2020-10-06 20:32:04,085 django.utils.autoreload INFO     C:\Lek\meeting\views.py changed, reloading.
2020-10-06 20:32:04,087 asyncio      DEBUG    Using proactor: IocpProactor
2020-10-06 20:32:05,225 django.utils.autoreload INFO     Watching for file changes with StatReloader
2020-10-06 20:32:07,475 django.request ERROR    Internal Server Error: /meeting/
Traceback (most recent call last):
  File "C:\Users\Компьютер\AppData\Local\Programs\Python\Python38-32\lib\site-packages\django\core\handlers\exception.py", line 34, in inner
    response = get_response(request)
  File "C:\Users\Компьютер\AppData\Local\Programs\Python\Python38-32\lib\site-packages\django\core\handlers\base.py", line 115, in _get_response
    response = self.process_exception_by_middleware(e, request)
  File "C:\Users\Компьютер\AppData\Local\Programs\Python\Python38-32\lib\site-packages\django\core\handlers\base.py", line 113, in _get_response
    response = wrapped_callback(request, *callback_args, **callback_kwargs)
  File "C:\Lek\meeting\views.py", line 37, in create_meeting
    cd = form.save(commit=False)
AttributeError: 'meetingCreate' object has no attribute 'save'
2020-10-06 20:32:14,846 django.utils.autoreload INFO     C:\Lek\meeting\views.py changed, reloading.
2020-10-06 20:32:14,847 asyncio      DEBUG    Using proactor: IocpProactor
2020-10-06 20:32:16,069 django.utils.autoreload INFO     Watching for file changes with StatReloader
2020-10-06 20:35:42,781 django.utils.autoreload INFO     C:\Lek\meeting\models.py changed, reloading.
2020-10-06 20:35:42,782 asyncio      DEBUG    Using proactor: IocpProactor
2020-10-06 20:35:43,918 django.utils.autoreload INFO     Watching for file changes with StatReloader
2020-10-06 20:36:17,607 django.utils.autoreload INFO     C:\Lek\meeting\views.py changed, reloading.
2020-10-06 20:36:17,609 asyncio      DEBUG    Using proactor: IocpProactor
2020-10-06 20:36:18,864 django.utils.autoreload INFO     Watching for file changes with StatReloader
2020-10-06 20:36:37,881 asyncio      DEBUG    Using proactor: IocpProactor
2020-10-06 20:36:37,984 asyncio      DEBUG    Using proactor: IocpProactor
2020-10-06 20:37:17,524 django.utils.autoreload INFO     Watching for file changes with StatReloader
2020-10-06 20:37:20,600 django.request ERROR    Internal Server Error: /meeting/
Traceback (most recent call last):
  File "C:\Users\Компьютер\AppData\Local\Programs\Python\Python38-32\lib\site-packages\django\core\handlers\exception.py", line 34, in inner
    response = get_response(request)
  File "C:\Users\Компьютер\AppData\Local\Programs\Python\Python38-32\lib\site-packages\django\core\handlers\base.py", line 115, in _get_response
    response = self.process_exception_by_middleware(e, request)
  File "C:\Users\Компьютер\AppData\Local\Programs\Python\Python38-32\lib\site-packages\django\core\handlers\base.py", line 113, in _get_response
    response = wrapped_callback(request, *callback_args, **callback_kwargs)
  File "C:\Lek\meeting\views.py", line 38, in create_meeting
    meeting = listMeetings.objects.create_user(date=date, time=time, accepted_meetings=userToInvitedList)
AttributeError: 'Manager' object has no attribute 'create_user'
2020-10-06 20:40:01,158 django.utils.autoreload INFO     C:\Lek\meeting\views.py changed, reloading.
2020-10-06 20:40:01,160 asyncio      DEBUG    Using proactor: IocpProactor
2020-10-06 20:40:02,611 django.utils.autoreload INFO     Watching for file changes with StatReloader
2020-10-06 20:40:06,026 django.request ERROR    Internal Server Error: /meeting/
Traceback (most recent call last):
  File "C:\Users\Компьютер\AppData\Local\Programs\Python\Python38-32\lib\site-packages\django\db\backends\utils.py", line 86, in _execute
    return self.cursor.execute(sql, params)
  File "C:\Users\Компьютер\AppData\Local\Programs\Python\Python38-32\lib\site-packages\django\db\backends\sqlite3\base.py", line 396, in execute
    return Database.Cursor.execute(self, query, params)
sqlite3.OperationalError: no such table: meeting_listmeetings

The above exception was the direct cause of the following exception:

Traceback (most recent call last):
  File "C:\Users\Компьютер\AppData\Local\Programs\Python\Python38-32\lib\site-packages\django\core\handlers\exception.py", line 34, in inner
    response = get_response(request)
  File "C:\Users\Компьютер\AppData\Local\Programs\Python\Python38-32\lib\site-packages\django\core\handlers\base.py", line 115, in _get_response
    response = self.process_exception_by_middleware(e, request)
  File "C:\Users\Компьютер\AppData\Local\Programs\Python\Python38-32\lib\site-packages\django\core\handlers\base.py", line 113, in _get_response
    response = wrapped_callback(request, *callback_args, **callback_kwargs)
  File "C:\Lek\meeting\views.py", line 43, in create_meeting
    meeting.save()
  File "C:\Users\Компьютер\AppData\Local\Programs\Python\Python38-32\lib\site-packages\django\db\models\base.py", line 745, in save
    self.save_base(using=using, force_insert=force_insert,
  File "C:\Users\Компьютер\AppData\Local\Programs\Python\Python38-32\lib\site-packages\django\db\models\base.py", line 782, in save_base
    updated = self._save_table(
  File "C:\Users\Компьютер\AppData\Local\Programs\Python\Python38-32\lib\site-packages\django\db\models\base.py", line 887, in _save_table
    results = self._do_insert(cls._base_manager, using, fields, returning_fields, raw)
  File "C:\Users\Компьютер\AppData\Local\Programs\Python\Python38-32\lib\site-packages\django\db\models\base.py", line 924, in _do_insert
    return manager._insert(
  File "C:\Users\Компьютер\AppData\Local\Programs\Python\Python38-32\lib\site-packages\django\db\models\manager.py", line 82, in manager_method
    return getattr(self.get_queryset(), name)(*args, **kwargs)
  File "C:\Users\Компьютер\AppData\Local\Programs\Python\Python38-32\lib\site-packages\django\db\models\query.py", line 1204, in _insert
    return query.get_compiler(using=using).execute_sql(returning_fields)
  File "C:\Users\Компьютер\AppData\Local\Programs\Python\Python38-32\lib\site-packages\django\db\models\sql\compiler.py", line 1391, in execute_sql
    cursor.execute(sql, params)
  File "C:\Users\Компьютер\AppData\Local\Programs\Python\Python38-32\lib\site-packages\django\db\backends\utils.py", line 100, in execute
    return super().execute(sql, params)
  File "C:\Users\Компьютер\AppData\Local\Programs\Python\Python38-32\lib\site-packages\django\db\backends\utils.py", line 68, in execute
    return self._execute_with_wrappers(sql, params, many=False, executor=self._execute)
  File "C:\Users\Компьютер\AppData\Local\Programs\Python\Python38-32\lib\site-packages\django\db\backends\utils.py", line 77, in _execute_with_wrappers
    return executor(sql, params, many, context)
  File "C:\Users\Компьютер\AppData\Local\Programs\Python\Python38-32\lib\site-packages\django\db\backends\utils.py", line 86, in _execute
    return self.cursor.execute(sql, params)
  File "C:\Users\Компьютер\AppData\Local\Programs\Python\Python38-32\lib\site-packages\django\db\utils.py", line 90, in __exit__
    raise dj_exc_value.with_traceback(traceback) from exc_value
  File "C:\Users\Компьютер\AppData\Local\Programs\Python\Python38-32\lib\site-packages\django\db\backends\utils.py", line 86, in _execute
    return self.cursor.execute(sql, params)
  File "C:\Users\Компьютер\AppData\Local\Programs\Python\Python38-32\lib\site-packages\django\db\backends\sqlite3\base.py", line 396, in execute
    return Database.Cursor.execute(self, query, params)
django.db.utils.OperationalError: no such table: meeting_listmeetings
2020-10-06 20:40:06,179 django.request WARNING  Not Found: /favicon.ico
2020-10-06 20:42:53,342 django.request ERROR    Internal Server Error: /meeting/
Traceback (most recent call last):
  File "C:\Users\Компьютер\AppData\Local\Programs\Python\Python38-32\lib\site-packages\django\db\backends\utils.py", line 86, in _execute
    return self.cursor.execute(sql, params)
  File "C:\Users\Компьютер\AppData\Local\Programs\Python\Python38-32\lib\site-packages\django\db\backends\sqlite3\base.py", line 396, in execute
    return Database.Cursor.execute(self, query, params)
sqlite3.OperationalError: no such table: meeting_listmeetings

The above exception was the direct cause of the following exception:

Traceback (most recent call last):
  File "C:\Users\Компьютер\AppData\Local\Programs\Python\Python38-32\lib\site-packages\django\core\handlers\exception.py", line 34, in inner
    response = get_response(request)
  File "C:\Users\Компьютер\AppData\Local\Programs\Python\Python38-32\lib\site-packages\django\core\handlers\base.py", line 115, in _get_response
    response = self.process_exception_by_middleware(e, request)
  File "C:\Users\Компьютер\AppData\Local\Programs\Python\Python38-32\lib\site-packages\django\core\handlers\base.py", line 113, in _get_response
    response = wrapped_callback(request, *callback_args, **callback_kwargs)
  File "C:\Lek\meeting\views.py", line 43, in create_meeting
    meeting.save()
  File "C:\Users\Компьютер\AppData\Local\Programs\Python\Python38-32\lib\site-packages\django\db\models\base.py", line 745, in save
    self.save_base(using=using, force_insert=force_insert,
  File "C:\Users\Компьютер\AppData\Local\Programs\Python\Python38-32\lib\site-packages\django\db\models\base.py", line 782, in save_base
    updated = self._save_table(
  File "C:\Users\Компьютер\AppData\Local\Programs\Python\Python38-32\lib\site-packages\django\db\models\base.py", line 887, in _save_table
    results = self._do_insert(cls._base_manager, using, fields, returning_fields, raw)
  File "C:\Users\Компьютер\AppData\Local\Programs\Python\Python38-32\lib\site-packages\django\db\models\base.py", line 924, in _do_insert
    return manager._insert(
  File "C:\Users\Компьютер\AppData\Local\Programs\Python\Python38-32\lib\site-packages\django\db\models\manager.py", line 82, in manager_method
    return getattr(self.get_queryset(), name)(*args, **kwargs)
  File "C:\Users\Компьютер\AppData\Local\Programs\Python\Python38-32\lib\site-packages\django\db\models\query.py", line 1204, in _insert
    return query.get_compiler(using=using).execute_sql(returning_fields)
  File "C:\Users\Компьютер\AppData\Local\Programs\Python\Python38-32\lib\site-packages\django\db\models\sql\compiler.py", line 1391, in execute_sql
    cursor.execute(sql, params)
  File "C:\Users\Компьютер\AppData\Local\Programs\Python\Python38-32\lib\site-packages\django\db\backends\utils.py", line 100, in execute
    return super().execute(sql, params)
  File "C:\Users\Компьютер\AppData\Local\Programs\Python\Python38-32\lib\site-packages\django\db\backends\utils.py", line 68, in execute
    return self._execute_with_wrappers(sql, params, many=False, executor=self._execute)
  File "C:\Users\Компьютер\AppData\Local\Programs\Python\Python38-32\lib\site-packages\django\db\backends\utils.py", line 77, in _execute_with_wrappers
    return executor(sql, params, many, context)
  File "C:\Users\Компьютер\AppData\Local\Programs\Python\Python38-32\lib\site-packages\django\db\backends\utils.py", line 86, in _execute
    return self.cursor.execute(sql, params)
  File "C:\Users\Компьютер\AppData\Local\Programs\Python\Python38-32\lib\site-packages\django\db\utils.py", line 90, in __exit__
    raise dj_exc_value.with_traceback(traceback) from exc_value
  File "C:\Users\Компьютер\AppData\Local\Programs\Python\Python38-32\lib\site-packages\django\db\backends\utils.py", line 86, in _execute
    return self.cursor.execute(sql, params)
  File "C:\Users\Компьютер\AppData\Local\Programs\Python\Python38-32\lib\site-packages\django\db\backends\sqlite3\base.py", line 396, in execute
    return Database.Cursor.execute(self, query, params)
django.db.utils.OperationalError: no such table: meeting_listmeetings
2020-10-06 20:42:53,517 django.request WARNING  Not Found: /favicon.ico
2020-10-06 20:42:55,969 asyncio      DEBUG    Using proactor: IocpProactor
2020-10-06 20:42:56,091 asyncio      DEBUG    Using proactor: IocpProactor
2020-10-06 20:42:59,458 django.utils.autoreload INFO     Watching for file changes with StatReloader
2020-10-06 20:42:59,968 django.request ERROR    Internal Server Error: /meeting/
Traceback (most recent call last):
  File "C:\Users\Компьютер\AppData\Local\Programs\Python\Python38-32\lib\site-packages\django\db\backends\utils.py", line 86, in _execute
    return self.cursor.execute(sql, params)
  File "C:\Users\Компьютер\AppData\Local\Programs\Python\Python38-32\lib\site-packages\django\db\backends\sqlite3\base.py", line 396, in execute
    return Database.Cursor.execute(self, query, params)
sqlite3.OperationalError: no such table: meeting_listmeetings

The above exception was the direct cause of the following exception:

Traceback (most recent call last):
  File "C:\Users\Компьютер\AppData\Local\Programs\Python\Python38-32\lib\site-packages\django\core\handlers\exception.py", line 34, in inner
    response = get_response(request)
  File "C:\Users\Компьютер\AppData\Local\Programs\Python\Python38-32\lib\site-packages\django\core\handlers\base.py", line 115, in _get_response
    response = self.process_exception_by_middleware(e, request)
  File "C:\Users\Компьютер\AppData\Local\Programs\Python\Python38-32\lib\site-packages\django\core\handlers\base.py", line 113, in _get_response
    response = wrapped_callback(request, *callback_args, **callback_kwargs)
  File "C:\Lek\meeting\views.py", line 43, in create_meeting
    meeting.save()
  File "C:\Users\Компьютер\AppData\Local\Programs\Python\Python38-32\lib\site-packages\django\db\models\base.py", line 745, in save
    self.save_base(using=using, force_insert=force_insert,
  File "C:\Users\Компьютер\AppData\Local\Programs\Python\Python38-32\lib\site-packages\django\db\models\base.py", line 782, in save_base
    updated = self._save_table(
  File "C:\Users\Компьютер\AppData\Local\Programs\Python\Python38-32\lib\site-packages\django\db\models\base.py", line 887, in _save_table
    results = self._do_insert(cls._base_manager, using, fields, returning_fields, raw)
  File "C:\Users\Компьютер\AppData\Local\Programs\Python\Python38-32\lib\site-packages\django\db\models\base.py", line 924, in _do_insert
    return manager._insert(
  File "C:\Users\Компьютер\AppData\Local\Programs\Python\Python38-32\lib\site-packages\django\db\models\manager.py", line 82, in manager_method
    return getattr(self.get_queryset(), name)(*args, **kwargs)
  File "C:\Users\Компьютер\AppData\Local\Programs\Python\Python38-32\lib\site-packages\django\db\models\query.py", line 1204, in _insert
    return query.get_compiler(using=using).execute_sql(returning_fields)
  File "C:\Users\Компьютер\AppData\Local\Programs\Python\Python38-32\lib\site-packages\django\db\models\sql\compiler.py", line 1391, in execute_sql
    cursor.execute(sql, params)
  File "C:\Users\Компьютер\AppData\Local\Programs\Python\Python38-32\lib\site-packages\django\db\backends\utils.py", line 100, in execute
    return super().execute(sql, params)
  File "C:\Users\Компьютер\AppData\Local\Programs\Python\Python38-32\lib\site-packages\django\db\backends\utils.py", line 68, in execute
    return self._execute_with_wrappers(sql, params, many=False, executor=self._execute)
  File "C:\Users\Компьютер\AppData\Local\Programs\Python\Python38-32\lib\site-packages\django\db\backends\utils.py", line 77, in _execute_with_wrappers
    return executor(sql, params, many, context)
  File "C:\Users\Компьютер\AppData\Local\Programs\Python\Python38-32\lib\site-packages\django\db\backends\utils.py", line 86, in _execute
    return self.cursor.execute(sql, params)
  File "C:\Users\Компьютер\AppData\Local\Programs\Python\Python38-32\lib\site-packages\django\db\utils.py", line 90, in __exit__
    raise dj_exc_value.with_traceback(traceback) from exc_value
  File "C:\Users\Компьютер\AppData\Local\Programs\Python\Python38-32\lib\site-packages\django\db\backends\utils.py", line 86, in _execute
    return self.cursor.execute(sql, params)
  File "C:\Users\Компьютер\AppData\Local\Programs\Python\Python38-32\lib\site-packages\django\db\backends\sqlite3\base.py", line 396, in execute
    return Database.Cursor.execute(self, query, params)
django.db.utils.OperationalError: no such table: meeting_listmeetings
2020-10-06 20:44:01,212 asyncio      DEBUG    Using proactor: IocpProactor
2020-10-06 20:44:01,291 asyncio      DEBUG    Using proactor: IocpProactor
2020-10-06 20:44:13,100 asyncio      DEBUG    Using proactor: IocpProactor
2020-10-06 20:44:22,193 asyncio      DEBUG    Using proactor: IocpProactor
2020-10-06 20:44:27,693 django.utils.autoreload INFO     Watching for file changes with StatReloader
2020-10-06 20:44:29,252 django.request WARNING  Not Found: /favicon.ico
2020-10-06 20:46:43,676 django.utils.autoreload INFO     C:\Lek\meeting\views.py changed, reloading.
2020-10-06 20:46:43,677 asyncio      DEBUG    Using proactor: IocpProactor
2020-10-06 20:46:45,031 django.utils.autoreload INFO     Watching for file changes with StatReloader
2020-10-06 20:47:04,745 django.utils.autoreload INFO     C:\Lek\meeting\views.py changed, reloading.
2020-10-06 20:47:04,746 asyncio      DEBUG    Using proactor: IocpProactor
2020-10-06 20:47:06,107 django.utils.autoreload INFO     Watching for file changes with StatReloader
2020-10-06 20:48:21,612 asyncio      DEBUG    Using proactor: IocpProactor
2020-10-06 20:48:21,692 asyncio      DEBUG    Using proactor: IocpProactor
2020-10-06 20:54:38,526 django.utils.autoreload INFO     Watching for file changes with StatReloader
2020-10-06 20:54:39,150 django.request WARNING  Not Found: /favicon.ico
2020-10-06 20:55:37,449 login.views  INFO     admin auth in system!
2020-10-06 20:56:02,790 createRequest.views INFO     admin open createRequest page!
2020-10-06 20:56:08,152 createRequest.views INFO     admin open createRequestMki page!
2020-10-06 20:58:28,279 asyncio      DEBUG    Using proactor: IocpProactor
2020-10-06 20:58:28,355 asyncio      DEBUG    Using proactor: IocpProactor
2020-10-06 22:21:18,768 django.utils.autoreload INFO     Watching for file changes with StatReloader
2020-10-06 22:21:34,333 django.utils.autoreload INFO     C:\Lek\meeting\views.py changed, reloading.
2020-10-06 22:21:34,334 asyncio      DEBUG    Using proactor: IocpProactor
2020-10-06 22:21:35,426 django.utils.autoreload INFO     Watching for file changes with StatReloader
2020-10-06 22:21:36,097 django.request WARNING  Not Found: /favicon.ico
2020-10-06 22:21:39,508 login.views  INFO     admin auth in system!
2020-10-06 22:23:47,676 django.utils.autoreload INFO     C:\Lek\meeting\views.py changed, reloading.
2020-10-06 22:23:47,676 asyncio      DEBUG    Using proactor: IocpProactor
2020-10-06 22:23:48,847 django.utils.autoreload INFO     Watching for file changes with StatReloader
2020-10-06 22:25:37,023 django.utils.autoreload INFO     C:\Lek\meeting\views.py changed, reloading.
2020-10-06 22:25:37,023 asyncio      DEBUG    Using proactor: IocpProactor
2020-10-06 22:25:38,293 django.utils.autoreload INFO     Watching for file changes with StatReloader
2020-10-06 22:26:13,481 django.utils.autoreload INFO     C:\Lek\meeting\views.py changed, reloading.
2020-10-06 22:26:13,482 asyncio      DEBUG    Using proactor: IocpProactor
2020-10-06 22:26:14,963 django.utils.autoreload INFO     Watching for file changes with StatReloader
2020-10-06 22:26:51,752 django.utils.autoreload INFO     C:\Lek\meeting\views.py changed, reloading.
2020-10-06 22:26:51,752 asyncio      DEBUG    Using proactor: IocpProactor
2020-10-06 22:26:52,873 django.utils.autoreload INFO     Watching for file changes with StatReloader
2020-10-06 22:26:59,593 django.utils.autoreload INFO     C:\Lek\meeting\views.py changed, reloading.
2020-10-06 22:26:59,594 asyncio      DEBUG    Using proactor: IocpProactor
2020-10-06 22:27:00,982 django.utils.autoreload INFO     Watching for file changes with StatReloader
2020-10-06 22:27:13,435 django.request ERROR    Internal Server Error: /meeting/
Traceback (most recent call last):
  File "C:\Users\Компьютер\AppData\Local\Programs\Python\Python38-32\lib\site-packages\django\core\handlers\exception.py", line 34, in inner
    response = get_response(request)
  File "C:\Users\Компьютер\AppData\Local\Programs\Python\Python38-32\lib\site-packages\django\core\handlers\base.py", line 115, in _get_response
    response = self.process_exception_by_middleware(e, request)
  File "C:\Users\Компьютер\AppData\Local\Programs\Python\Python38-32\lib\site-packages\django\core\handlers\base.py", line 113, in _get_response
    response = wrapped_callback(request, *callback_args, **callback_kwargs)
  File "C:\Lek\meeting\views.py", line 52, in create_meeting
    send_message_users(userToInvitedList)
  File "C:\Lek\meeting\views.py", line 14, in send_message_users
    user = listForRegistration.registeredUsers.email.filter(username=username)
AttributeError: 'DeferredAttribute' object has no attribute 'filter'
2020-10-06 22:27:47,958 django.utils.autoreload INFO     C:\Lek\meeting\views.py changed, reloading.
2020-10-06 22:27:47,963 asyncio      DEBUG    Using proactor: IocpProactor
2020-10-06 22:27:49,133 django.utils.autoreload INFO     Watching for file changes with StatReloader
2020-10-06 22:27:49,739 django.request ERROR    Internal Server Error: /meeting/
Traceback (most recent call last):
  File "C:\Users\Компьютер\AppData\Local\Programs\Python\Python38-32\lib\site-packages\django\core\handlers\exception.py", line 34, in inner
    response = get_response(request)
  File "C:\Users\Компьютер\AppData\Local\Programs\Python\Python38-32\lib\site-packages\django\core\handlers\base.py", line 115, in _get_response
    response = self.process_exception_by_middleware(e, request)
  File "C:\Users\Компьютер\AppData\Local\Programs\Python\Python38-32\lib\site-packages\django\core\handlers\base.py", line 113, in _get_response
    response = wrapped_callback(request, *callback_args, **callback_kwargs)
  File "C:\Lek\meeting\views.py", line 52, in create_meeting
    send_message_users(userToInvitedList)
  File "C:\Lek\meeting\views.py", line 14, in send_message_users
    user = listForRegistration.registeredUsers.email.get(username=username)
AttributeError: 'DeferredAttribute' object has no attribute 'get'
2020-10-06 22:28:08,852 django.utils.autoreload INFO     C:\Lek\meeting\views.py changed, reloading.
2020-10-06 22:28:08,854 asyncio      DEBUG    Using proactor: IocpProactor
2020-10-06 22:28:10,486 django.utils.autoreload INFO     Watching for file changes with StatReloader
2020-10-06 22:28:57,427 django.utils.autoreload INFO     C:\Lek\meeting\views.py changed, reloading.
2020-10-06 22:28:57,438 asyncio      DEBUG    Using proactor: IocpProactor
2020-10-06 22:28:58,588 django.utils.autoreload INFO     Watching for file changes with StatReloader
2020-10-06 22:30:46,427 django.utils.autoreload INFO     C:\Lek\meeting\views.py changed, reloading.
2020-10-06 22:30:46,429 asyncio      DEBUG    Using proactor: IocpProactor
2020-10-06 22:30:47,693 django.utils.autoreload INFO     Watching for file changes with StatReloader
2020-10-06 22:32:23,176 django.utils.autoreload INFO     C:\Lek\meeting\views.py changed, reloading.
2020-10-06 22:32:23,180 asyncio      DEBUG    Using proactor: IocpProactor
2020-10-06 22:32:24,394 django.utils.autoreload INFO     Watching for file changes with StatReloader
2020-10-06 22:32:36,746 django.request ERROR    Internal Server Error: /meeting/
Traceback (most recent call last):
  File "C:\Users\Компьютер\AppData\Local\Programs\Python\Python38-32\lib\site-packages\django\core\handlers\exception.py", line 34, in inner
    response = get_response(request)
  File "C:\Users\Компьютер\AppData\Local\Programs\Python\Python38-32\lib\site-packages\django\core\handlers\base.py", line 115, in _get_response
    response = self.process_exception_by_middleware(e, request)
  File "C:\Users\Компьютер\AppData\Local\Programs\Python\Python38-32\lib\site-packages\django\core\handlers\base.py", line 113, in _get_response
    response = wrapped_callback(request, *callback_args, **callback_kwargs)
  File "C:\Lek\meeting\views.py", line 53, in create_meeting
    send_message_users(userToInvitedList,researchAcceptList)
  File "C:\Lek\meeting\views.py", line 15, in send_message_users
    send_mail('Добавление в исследование', 'Вы были добавлены в список участников для обсуждения таких тем как: ' *researchs, 'timurgorashenko@yandex.ru',
NameError: name 'send_mail' is not defined
2020-10-06 22:32:58,666 django.utils.autoreload INFO     C:\Lek\meeting\views.py changed, reloading.
2020-10-06 22:32:58,668 asyncio      DEBUG    Using proactor: IocpProactor
2020-10-06 22:32:59,954 django.utils.autoreload INFO     Watching for file changes with StatReloader
2020-10-06 22:33:00,607 django.request ERROR    Internal Server Error: /meeting/
Traceback (most recent call last):
  File "C:\Users\Компьютер\AppData\Local\Programs\Python\Python38-32\lib\site-packages\django\core\handlers\exception.py", line 34, in inner
    response = get_response(request)
  File "C:\Users\Компьютер\AppData\Local\Programs\Python\Python38-32\lib\site-packages\django\core\handlers\base.py", line 115, in _get_response
    response = self.process_exception_by_middleware(e, request)
  File "C:\Users\Компьютер\AppData\Local\Programs\Python\Python38-32\lib\site-packages\django\core\handlers\base.py", line 113, in _get_response
    response = wrapped_callback(request, *callback_args, **callback_kwargs)
  File "C:\Lek\meeting\views.py", line 54, in create_meeting
    send_message_users(userToInvitedList,researchAcceptList)
  File "C:\Lek\meeting\views.py", line 16, in send_message_users
    send_mail('Добавление в исследование', 'Вы были добавлены в список участников для обсуждения таких тем как: ' *researchs, 'timurgorashenko@yandex.ru',
TypeError: can't multiply sequence by non-int of type 'list'
2020-10-06 22:33:27,351 django.utils.autoreload INFO     C:\Lek\meeting\views.py changed, reloading.
2020-10-06 22:33:27,353 asyncio      DEBUG    Using proactor: IocpProactor
2020-10-06 22:33:28,550 django.utils.autoreload INFO     Watching for file changes with StatReloader
2020-10-06 22:33:28,883 django.request ERROR    Internal Server Error: /meeting/
Traceback (most recent call last):
  File "C:\Users\Компьютер\AppData\Local\Programs\Python\Python38-32\lib\site-packages\django\core\handlers\exception.py", line 34, in inner
    response = get_response(request)
  File "C:\Users\Компьютер\AppData\Local\Programs\Python\Python38-32\lib\site-packages\django\core\handlers\base.py", line 115, in _get_response
    response = self.process_exception_by_middleware(e, request)
  File "C:\Users\Компьютер\AppData\Local\Programs\Python\Python38-32\lib\site-packages\django\core\handlers\base.py", line 113, in _get_response
    response = wrapped_callback(request, *callback_args, **callback_kwargs)
  File "C:\Lek\meeting\views.py", line 54, in create_meeting
    send_message_users(userToInvitedList,researchAcceptList)
  File "C:\Lek\meeting\views.py", line 16, in send_message_users
    send_mail('Добавление в исследование', 'Вы были добавлены в список участников для обсуждения таких тем как: ' **researchs, 'timurgorashenko@yandex.ru',
TypeError: unsupported operand type(s) for ** or pow(): 'str' and 'list'
2020-10-06 22:33:31,592 django.utils.autoreload INFO     C:\Lek\meeting\views.py changed, reloading.
2020-10-06 22:33:31,600 asyncio      DEBUG    Using proactor: IocpProactor
2020-10-06 22:33:33,030 django.utils.autoreload INFO     Watching for file changes with StatReloader
2020-10-06 22:33:46,137 django.utils.autoreload INFO     C:\Lek\meeting\views.py changed, reloading.
2020-10-06 22:33:46,138 asyncio      DEBUG    Using proactor: IocpProactor
2020-10-06 22:33:47,214 django.utils.autoreload INFO     Watching for file changes with StatReloader
2020-10-06 22:33:47,902 django.request ERROR    Internal Server Error: /meeting/
Traceback (most recent call last):
  File "C:\Users\Компьютер\AppData\Local\Programs\Python\Python38-32\lib\site-packages\django\core\handlers\exception.py", line 34, in inner
    response = get_response(request)
  File "C:\Users\Компьютер\AppData\Local\Programs\Python\Python38-32\lib\site-packages\django\core\handlers\base.py", line 115, in _get_response
    response = self.process_exception_by_middleware(e, request)
  File "C:\Users\Компьютер\AppData\Local\Programs\Python\Python38-32\lib\site-packages\django\core\handlers\base.py", line 113, in _get_response
    response = wrapped_callback(request, *callback_args, **callback_kwargs)
  File "C:\Lek\meeting\views.py", line 54, in create_meeting
    send_message_users(userToInvitedList,researchAcceptList)
  File "C:\Lek\meeting\views.py", line 16, in send_message_users
    send_mail('Добавление в исследование', 'Вы были добавлены в список участников для обсуждения таких тем как: ' + researchs, 'timurgorashenko@yandex.ru',
TypeError: can only concatenate str (not "list") to str
2020-10-06 22:33:57,873 django.utils.autoreload INFO     C:\Lek\meeting\views.py changed, reloading.
2020-10-06 22:33:57,874 asyncio      DEBUG    Using proactor: IocpProactor
2020-10-06 22:33:59,098 django.utils.autoreload INFO     Watching for file changes with StatReloader
2020-10-06 22:36:11,117 django.utils.autoreload INFO     C:\Lek\meeting\views.py changed, reloading.
2020-10-06 22:36:11,119 asyncio      DEBUG    Using proactor: IocpProactor
2020-10-06 22:36:12,615 django.utils.autoreload INFO     Watching for file changes with StatReloader
2020-10-06 22:41:07,246 django.utils.autoreload INFO     C:\Lek\meeting\views.py changed, reloading.
2020-10-06 22:41:07,247 asyncio      DEBUG    Using proactor: IocpProactor
2020-10-06 22:41:08,456 django.utils.autoreload INFO     Watching for file changes with StatReloader
2020-10-06 22:41:15,246 django.utils.autoreload INFO     C:\Lek\meeting\views.py changed, reloading.
2020-10-06 22:41:15,247 asyncio      DEBUG    Using proactor: IocpProactor
2020-10-06 22:41:16,469 django.utils.autoreload INFO     Watching for file changes with StatReloader
2020-10-06 22:42:00,049 asyncio      DEBUG    Using proactor: IocpProactor
2020-10-06 22:42:00,135 asyncio      DEBUG    Using proactor: IocpProactor
2020-10-08 13:00:30,786 django.utils.autoreload INFO     Watching for file changes with StatReloader
2020-10-08 15:41:19,279 django.utils.autoreload INFO     Watching for file changes with StatReloader
2020-10-08 15:41:21,118 django.request WARNING  Not Found: /favicon.ico
2020-10-08 15:41:24,443 login.views  INFO     admin auth in system!
2020-10-08 15:44:28,473 django.utils.autoreload INFO     C:\Lek\personalProfile\views.py changed, reloading.
2020-10-08 15:44:28,473 asyncio      DEBUG    Using proactor: IocpProactor
2020-10-08 15:44:29,692 django.utils.autoreload INFO     Watching for file changes with StatReloader
2020-10-08 15:45:17,848 django.utils.autoreload INFO     C:\Lek\personalProfile\views.py changed, reloading.
2020-10-08 15:45:17,848 asyncio      DEBUG    Using proactor: IocpProactor
2020-10-08 15:45:18,947 django.utils.autoreload INFO     Watching for file changes with StatReloader
2020-10-08 15:45:33,354 django.utils.autoreload INFO     C:\Lek\personalProfile\views.py changed, reloading.
2020-10-08 15:45:33,354 asyncio      DEBUG    Using proactor: IocpProactor
2020-10-08 15:45:34,542 django.utils.autoreload INFO     Watching for file changes with StatReloader
2020-10-08 15:45:35,043 django.request ERROR    Internal Server Error: /profile/main_cab/
Traceback (most recent call last):
  File "C:\Users\Компьютер\AppData\Local\Programs\Python\Python38-32\lib\site-packages\django\core\handlers\exception.py", line 34, in inner
    response = get_response(request)
  File "C:\Users\Компьютер\AppData\Local\Programs\Python\Python38-32\lib\site-packages\django\core\handlers\base.py", line 115, in _get_response
    response = self.process_exception_by_middleware(e, request)
  File "C:\Users\Компьютер\AppData\Local\Programs\Python\Python38-32\lib\site-packages\django\core\handlers\base.py", line 113, in _get_response
    response = wrapped_callback(request, *callback_args, **callback_kwargs)
  File "C:\Lek\personalProfile\views.py", line 16, in get_main_cab
    userlistMeetings = models.listMeetings.objects.get()
  File "C:\Users\Компьютер\AppData\Local\Programs\Python\Python38-32\lib\site-packages\django\db\models\manager.py", line 82, in manager_method
    return getattr(self.get_queryset(), name)(*args, **kwargs)
  File "C:\Users\Компьютер\AppData\Local\Programs\Python\Python38-32\lib\site-packages\django\db\models\query.py", line 419, in get
    raise self.model.MultipleObjectsReturned(
meeting.models.listMeetings.MultipleObjectsReturned: get() returned more than one listMeetings -- it returned 14!
2020-10-08 15:45:54,175 django.utils.autoreload INFO     C:\Lek\personalProfile\views.py changed, reloading.
2020-10-08 15:45:54,191 asyncio      DEBUG    Using proactor: IocpProactor
2020-10-08 15:45:55,447 django.utils.autoreload INFO     Watching for file changes with StatReloader
2020-10-08 15:45:55,949 django.request ERROR    Internal Server Error: /profile/main_cab/
Traceback (most recent call last):
  File "C:\Users\Компьютер\AppData\Local\Programs\Python\Python38-32\lib\site-packages\django\core\handlers\exception.py", line 34, in inner
    response = get_response(request)
  File "C:\Users\Компьютер\AppData\Local\Programs\Python\Python38-32\lib\site-packages\django\core\handlers\base.py", line 115, in _get_response
    response = self.process_exception_by_middleware(e, request)
  File "C:\Users\Компьютер\AppData\Local\Programs\Python\Python38-32\lib\site-packages\django\core\handlers\base.py", line 113, in _get_response
    response = wrapped_callback(request, *callback_args, **callback_kwargs)
  File "C:\Lek\personalProfile\views.py", line 16, in get_main_cab
    userlistMeetings = models.listMeetings.objects.get(users_invited)
NameError: name 'users_invited' is not defined
2020-10-08 15:46:24,976 django.utils.autoreload INFO     C:\Lek\personalProfile\views.py changed, reloading.
2020-10-08 15:46:24,978 asyncio      DEBUG    Using proactor: IocpProactor
2020-10-08 15:46:26,034 django.utils.autoreload INFO     Watching for file changes with StatReloader
2020-10-08 15:46:31,315 django.utils.autoreload INFO     C:\Lek\personalProfile\views.py changed, reloading.
2020-10-08 15:46:31,330 asyncio      DEBUG    Using proactor: IocpProactor
2020-10-08 15:46:32,528 django.utils.autoreload INFO     Watching for file changes with StatReloader
2020-10-08 15:46:35,429 django.utils.autoreload INFO     C:\Lek\personalProfile\views.py changed, reloading.
2020-10-08 15:46:35,429 asyncio      DEBUG    Using proactor: IocpProactor
2020-10-08 15:46:36,578 django.utils.autoreload INFO     Watching for file changes with StatReloader
2020-10-08 15:47:00,818 django.utils.autoreload INFO     C:\Lek\personalProfile\views.py changed, reloading.
2020-10-08 15:47:00,818 asyncio      DEBUG    Using proactor: IocpProactor
2020-10-08 15:47:01,990 django.utils.autoreload INFO     Watching for file changes with StatReloader
2020-10-08 15:47:13,959 django.utils.autoreload INFO     C:\Lek\personalProfile\views.py changed, reloading.
2020-10-08 15:47:13,975 asyncio      DEBUG    Using proactor: IocpProactor
2020-10-08 15:47:15,310 django.utils.autoreload INFO     Watching for file changes with StatReloader
2020-10-08 15:47:19,390 django.request WARNING  Not Found: /favicon.ico
2020-10-08 15:47:28,550 django.utils.autoreload INFO     C:\Lek\personalProfile\views.py changed, reloading.
2020-10-08 15:47:28,550 asyncio      DEBUG    Using proactor: IocpProactor
2020-10-08 15:47:29,869 django.utils.autoreload INFO     Watching for file changes with StatReloader
2020-10-08 15:47:32,943 django.request WARNING  Not Found: /favicon.ico
2020-10-08 15:48:04,938 django.utils.autoreload INFO     C:\Lek\personalProfile\views.py changed, reloading.
2020-10-08 15:48:04,938 asyncio      DEBUG    Using proactor: IocpProactor
2020-10-08 15:48:06,195 django.utils.autoreload INFO     Watching for file changes with StatReloader
2020-10-08 15:48:21,956 django.utils.autoreload INFO     C:\Lek\personalProfile\views.py changed, reloading.
2020-10-08 15:48:21,972 asyncio      DEBUG    Using proactor: IocpProactor
2020-10-08 15:48:23,249 django.utils.autoreload INFO     Watching for file changes with StatReloader
2020-10-08 15:48:25,670 django.request ERROR    Internal Server Error: /profile/main_cab/
Traceback (most recent call last):
  File "C:\Users\Компьютер\AppData\Local\Programs\Python\Python38-32\lib\site-packages\django\core\handlers\exception.py", line 34, in inner
    response = get_response(request)
  File "C:\Users\Компьютер\AppData\Local\Programs\Python\Python38-32\lib\site-packages\django\core\handlers\base.py", line 115, in _get_response
    response = self.process_exception_by_middleware(e, request)
  File "C:\Users\Компьютер\AppData\Local\Programs\Python\Python38-32\lib\site-packages\django\core\handlers\base.py", line 113, in _get_response
    response = wrapped_callback(request, *callback_args, **callback_kwargs)
  File "C:\Lek\personalProfile\views.py", line 18, in get_main_cab
    for a in i:
TypeError: 'listMeetings' object is not iterable
2020-10-08 15:48:45,285 django.request ERROR    Internal Server Error: /profile/main_cab/
Traceback (most recent call last):
  File "C:\Users\Компьютер\AppData\Local\Programs\Python\Python38-32\lib\site-packages\django\core\handlers\exception.py", line 34, in inner
    response = get_response(request)
  File "C:\Users\Компьютер\AppData\Local\Programs\Python\Python38-32\lib\site-packages\django\core\handlers\base.py", line 115, in _get_response
    response = self.process_exception_by_middleware(e, request)
  File "C:\Users\Компьютер\AppData\Local\Programs\Python\Python38-32\lib\site-packages\django\core\handlers\base.py", line 113, in _get_response
    response = wrapped_callback(request, *callback_args, **callback_kwargs)
  File "C:\Lek\personalProfile\views.py", line 18, in get_main_cab
    print(data(i))
TypeError: 'listMeetings' object is not iterable
2020-10-08 15:48:45,301 django.utils.autoreload INFO     C:\Lek\personalProfile\views.py changed, reloading.
2020-10-08 15:48:45,301 asyncio      DEBUG    Using proactor: IocpProactor
2020-10-08 15:48:46,488 django.utils.autoreload INFO     Watching for file changes with StatReloader
2020-10-08 15:49:04,317 django.utils.autoreload INFO     C:\Lek\personalProfile\views.py changed, reloading.
2020-10-08 15:49:04,317 asyncio      DEBUG    Using proactor: IocpProactor
2020-10-08 15:49:05,621 django.utils.autoreload INFO     Watching for file changes with StatReloader
2020-10-08 15:49:43,549 django.utils.autoreload INFO     C:\Lek\personalProfile\views.py changed, reloading.
2020-10-08 15:49:43,549 asyncio      DEBUG    Using proactor: IocpProactor
2020-10-08 15:49:44,752 django.utils.autoreload INFO     Watching for file changes with StatReloader
2020-10-08 15:49:51,261 django.request WARNING  Not Found: /favicon.ico
2020-10-08 15:49:56,789 django.utils.autoreload INFO     C:\Lek\personalProfile\views.py changed, reloading.
2020-10-08 15:49:56,789 asyncio      DEBUG    Using proactor: IocpProactor
2020-10-08 15:49:58,299 django.utils.autoreload INFO     Watching for file changes with StatReloader
2020-10-08 15:50:13,943 django.utils.autoreload INFO     C:\Lek\personalProfile\views.py changed, reloading.
2020-10-08 15:50:13,943 asyncio      DEBUG    Using proactor: IocpProactor
2020-10-08 15:50:15,481 django.utils.autoreload INFO     Watching for file changes with StatReloader
2020-10-08 15:50:15,797 django.request ERROR    Internal Server Error: /profile/main_cab/
Traceback (most recent call last):
  File "C:\Users\Компьютер\AppData\Local\Programs\Python\Python38-32\lib\site-packages\django\core\handlers\exception.py", line 34, in inner
    response = get_response(request)
  File "C:\Users\Компьютер\AppData\Local\Programs\Python\Python38-32\lib\site-packages\django\core\handlers\base.py", line 115, in _get_response
    response = self.process_exception_by_middleware(e, request)
  File "C:\Users\Компьютер\AppData\Local\Programs\Python\Python38-32\lib\site-packages\django\core\handlers\base.py", line 113, in _get_response
    response = wrapped_callback(request, *callback_args, **callback_kwargs)
  File "C:\Lek\personalProfile\views.py", line 18, in get_main_cab
    print(i[0])
TypeError: 'listMeetings' object is not subscriptable
2020-10-08 15:50:36,809 django.utils.autoreload INFO     C:\Lek\personalProfile\views.py changed, reloading.
2020-10-08 15:50:36,809 asyncio      DEBUG    Using proactor: IocpProactor
2020-10-08 15:50:38,228 django.utils.autoreload INFO     Watching for file changes with StatReloader
2020-10-08 15:50:56,426 django.utils.autoreload INFO     C:\Lek\personalProfile\views.py changed, reloading.
2020-10-08 15:50:56,426 asyncio      DEBUG    Using proactor: IocpProactor
2020-10-08 15:50:57,966 django.utils.autoreload INFO     Watching for file changes with StatReloader
2020-10-08 15:50:58,561 django.request ERROR    Internal Server Error: /profile/main_cab/
Traceback (most recent call last):
  File "C:\Users\Компьютер\AppData\Local\Programs\Python\Python38-32\lib\site-packages\django\core\handlers\exception.py", line 34, in inner
    response = get_response(request)
  File "C:\Users\Компьютер\AppData\Local\Programs\Python\Python38-32\lib\site-packages\django\core\handlers\base.py", line 115, in _get_response
    response = self.process_exception_by_middleware(e, request)
  File "C:\Users\Компьютер\AppData\Local\Programs\Python\Python38-32\lib\site-packages\django\core\handlers\base.py", line 113, in _get_response
    response = wrapped_callback(request, *callback_args, **callback_kwargs)
  File "C:\Lek\personalProfile\views.py", line 17, in get_main_cab
    print(userlistMeetings[0].title)
AttributeError: 'listMeetings' object has no attribute 'title'
2020-10-08 15:51:07,415 django.utils.autoreload INFO     C:\Lek\personalProfile\views.py changed, reloading.
2020-10-08 15:51:07,447 asyncio      DEBUG    Using proactor: IocpProactor
2020-10-08 15:51:08,650 django.utils.autoreload INFO     Watching for file changes with StatReloader
2020-10-08 15:51:09,066 django.request ERROR    Internal Server Error: /profile/main_cab/
Traceback (most recent call last):
  File "C:\Users\Компьютер\AppData\Local\Programs\Python\Python38-32\lib\site-packages\django\core\handlers\exception.py", line 34, in inner
    response = get_response(request)
  File "C:\Users\Компьютер\AppData\Local\Programs\Python\Python38-32\lib\site-packages\django\core\handlers\base.py", line 115, in _get_response
    response = self.process_exception_by_middleware(e, request)
  File "C:\Users\Компьютер\AppData\Local\Programs\Python\Python38-32\lib\site-packages\django\core\handlers\base.py", line 113, in _get_response
    response = wrapped_callback(request, *callback_args, **callback_kwargs)
  File "C:\Lek\personalProfile\views.py", line 18, in get_main_cab
    print(i.title)
AttributeError: 'listMeetings' object has no attribute 'title'
2020-10-08 15:51:15,359 django.utils.autoreload INFO     C:\Lek\personalProfile\views.py changed, reloading.
2020-10-08 15:51:15,359 asyncio      DEBUG    Using proactor: IocpProactor
2020-10-08 15:51:16,854 django.utils.autoreload INFO     Watching for file changes with StatReloader
2020-10-08 15:51:20,886 django.utils.autoreload INFO     C:\Lek\personalProfile\views.py changed, reloading.
2020-10-08 15:51:20,902 asyncio      DEBUG    Using proactor: IocpProactor
2020-10-08 15:51:22,083 django.utils.autoreload INFO     Watching for file changes with StatReloader
2020-10-08 15:51:32,801 django.utils.autoreload INFO     C:\Lek\personalProfile\views.py changed, reloading.
2020-10-08 15:51:32,801 asyncio      DEBUG    Using proactor: IocpProactor
2020-10-08 15:51:33,891 django.utils.autoreload INFO     Watching for file changes with StatReloader
2020-10-08 15:51:42,969 django.utils.autoreload INFO     C:\Lek\personalProfile\views.py changed, reloading.
2020-10-08 15:51:42,969 asyncio      DEBUG    Using proactor: IocpProactor
2020-10-08 15:51:44,342 django.utils.autoreload INFO     Watching for file changes with StatReloader
2020-10-08 15:52:02,410 django.utils.autoreload INFO     C:\Lek\personalProfile\views.py changed, reloading.
2020-10-08 15:52:02,410 asyncio      DEBUG    Using proactor: IocpProactor
2020-10-08 15:52:03,593 django.utils.autoreload INFO     Watching for file changes with StatReloader
2020-10-08 15:52:10,103 django.utils.autoreload INFO     C:\Lek\personalProfile\views.py changed, reloading.
2020-10-08 15:52:10,103 asyncio      DEBUG    Using proactor: IocpProactor
2020-10-08 15:52:11,284 django.utils.autoreload INFO     Watching for file changes with StatReloader
2020-10-08 15:52:24,386 django.utils.autoreload INFO     C:\Lek\personalProfile\views.py changed, reloading.
2020-10-08 15:52:24,402 asyncio      DEBUG    Using proactor: IocpProactor
2020-10-08 15:52:25,520 django.utils.autoreload INFO     Watching for file changes with StatReloader
2020-10-08 15:52:35,128 django.request WARNING  Not Found: /favicon.ico
2020-10-08 15:52:40,081 django.utils.autoreload INFO     C:\Lek\personalProfile\views.py changed, reloading.
2020-10-08 15:52:40,081 asyncio      DEBUG    Using proactor: IocpProactor
2020-10-08 15:52:41,231 django.utils.autoreload INFO     Watching for file changes with StatReloader
2020-10-08 15:52:52,975 django.utils.autoreload INFO     C:\Lek\personalProfile\views.py changed, reloading.
2020-10-08 15:52:52,975 asyncio      DEBUG    Using proactor: IocpProactor
2020-10-08 15:52:54,011 django.utils.autoreload INFO     Watching for file changes with StatReloader
2020-10-08 15:53:19,896 django.utils.autoreload INFO     C:\Lek\personalProfile\views.py changed, reloading.
2020-10-08 15:53:19,896 asyncio      DEBUG    Using proactor: IocpProactor
2020-10-08 15:53:21,049 django.utils.autoreload INFO     Watching for file changes with StatReloader
2020-10-08 15:53:45,238 django.utils.autoreload INFO     C:\Lek\personalProfile\views.py changed, reloading.
2020-10-08 15:53:45,238 asyncio      DEBUG    Using proactor: IocpProactor
2020-10-08 15:53:46,371 django.utils.autoreload INFO     Watching for file changes with StatReloader
2020-10-08 15:54:28,286 django.utils.autoreload INFO     C:\Lek\personalProfile\views.py changed, reloading.
2020-10-08 15:54:28,286 asyncio      DEBUG    Using proactor: IocpProactor
2020-10-08 15:54:29,505 django.utils.autoreload INFO     Watching for file changes with StatReloader
2020-10-08 15:54:53,888 django.utils.autoreload INFO     C:\Lek\personalProfile\views.py changed, reloading.
2020-10-08 15:54:53,903 asyncio      DEBUG    Using proactor: IocpProactor
2020-10-08 15:54:55,115 django.utils.autoreload INFO     Watching for file changes with StatReloader
2020-10-08 15:56:01,358 django.utils.autoreload INFO     C:\Lek\personalProfile\views.py changed, reloading.
2020-10-08 15:56:01,358 asyncio      DEBUG    Using proactor: IocpProactor
2020-10-08 15:56:02,508 django.utils.autoreload INFO     Watching for file changes with StatReloader
2020-10-08 15:56:25,440 django.utils.autoreload INFO     C:\Lek\personalProfile\views.py changed, reloading.
2020-10-08 15:56:25,440 asyncio      DEBUG    Using proactor: IocpProactor
2020-10-08 15:56:26,690 django.utils.autoreload INFO     Watching for file changes with StatReloader
2020-10-08 15:56:47,156 django.utils.autoreload INFO     C:\Lek\personalProfile\views.py changed, reloading.
2020-10-08 15:56:47,156 asyncio      DEBUG    Using proactor: IocpProactor
2020-10-08 15:56:48,578 django.utils.autoreload INFO     Watching for file changes with StatReloader
2020-10-08 15:56:52,726 django.utils.autoreload INFO     C:\Lek\personalProfile\views.py changed, reloading.
2020-10-08 15:56:52,726 asyncio      DEBUG    Using proactor: IocpProactor
2020-10-08 15:56:54,142 django.utils.autoreload INFO     Watching for file changes with StatReloader
2020-10-08 15:57:14,538 django.utils.autoreload INFO     C:\Lek\personalProfile\views.py changed, reloading.
2020-10-08 15:57:14,538 asyncio      DEBUG    Using proactor: IocpProactor
2020-10-08 15:57:15,687 django.utils.autoreload INFO     Watching for file changes with StatReloader
2020-10-08 15:57:27,146 django.utils.autoreload INFO     C:\Lek\personalProfile\views.py changed, reloading.
2020-10-08 15:57:27,146 asyncio      DEBUG    Using proactor: IocpProactor
2020-10-08 15:57:28,173 django.utils.autoreload INFO     Watching for file changes with StatReloader
2020-10-08 15:57:58,766 django.utils.autoreload INFO     C:\Lek\personalProfile\views.py changed, reloading.
2020-10-08 15:57:58,766 asyncio      DEBUG    Using proactor: IocpProactor
2020-10-08 15:57:59,900 django.utils.autoreload INFO     Watching for file changes with StatReloader
2020-10-08 15:58:05,200 django.utils.autoreload INFO     C:\Lek\personalProfile\views.py changed, reloading.
2020-10-08 15:58:05,200 asyncio      DEBUG    Using proactor: IocpProactor
2020-10-08 15:58:06,421 django.utils.autoreload INFO     Watching for file changes with StatReloader
2020-10-08 15:58:19,423 django.utils.autoreload INFO     C:\Lek\personalProfile\views.py changed, reloading.
2020-10-08 15:58:19,423 asyncio      DEBUG    Using proactor: IocpProactor
2020-10-08 15:58:20,594 django.utils.autoreload INFO     Watching for file changes with StatReloader
2020-10-08 15:58:20,980 django.request ERROR    Internal Server Error: /profile/main_cab/
Traceback (most recent call last):
  File "C:\Users\Компьютер\AppData\Local\Programs\Python\Python38-32\lib\site-packages\django\core\handlers\exception.py", line 34, in inner
    response = get_response(request)
  File "C:\Users\Компьютер\AppData\Local\Programs\Python\Python38-32\lib\site-packages\django\core\handlers\base.py", line 115, in _get_response
    response = self.process_exception_by_middleware(e, request)
  File "C:\Users\Компьютер\AppData\Local\Programs\Python\Python38-32\lib\site-packages\django\core\handlers\base.py", line 113, in _get_response
    response = wrapped_callback(request, *callback_args, **callback_kwargs)
  File "C:\Lek\personalProfile\views.py", line 20, in get_main_cab
    meetings_invited.appaned(object.accepted_meetings)
AttributeError: 'list' object has no attribute 'appaned'
2020-10-08 15:58:32,434 django.utils.autoreload INFO     C:\Lek\personalProfile\views.py changed, reloading.
2020-10-08 15:58:32,434 asyncio      DEBUG    Using proactor: IocpProactor
2020-10-08 15:58:33,537 django.utils.autoreload INFO     Watching for file changes with StatReloader
2020-10-08 15:59:05,362 django.utils.autoreload INFO     C:\Lek\personalProfile\views.py changed, reloading.
2020-10-08 15:59:05,362 asyncio      DEBUG    Using proactor: IocpProactor
2020-10-08 15:59:06,520 django.utils.autoreload INFO     Watching for file changes with StatReloader
2020-10-08 15:59:17,964 django.utils.autoreload INFO     C:\Lek\personalProfile\views.py changed, reloading.
2020-10-08 15:59:17,964 asyncio      DEBUG    Using proactor: IocpProactor
2020-10-08 15:59:19,011 django.utils.autoreload INFO     Watching for file changes with StatReloader
2020-10-08 16:01:17,649 django.utils.autoreload INFO     C:\Lek\personalProfile\views.py changed, reloading.
2020-10-08 16:01:17,649 asyncio      DEBUG    Using proactor: IocpProactor
2020-10-08 16:01:18,952 django.utils.autoreload INFO     Watching for file changes with StatReloader
2020-10-08 16:01:39,588 django.utils.autoreload INFO     C:\Lek\personalProfile\views.py changed, reloading.
2020-10-08 16:01:39,588 asyncio      DEBUG    Using proactor: IocpProactor
2020-10-08 16:01:40,976 django.utils.autoreload INFO     Watching for file changes with StatReloader
2020-10-08 16:02:57,785 django.utils.autoreload INFO     C:\Lek\personalProfile\views.py changed, reloading.
2020-10-08 16:02:57,785 asyncio      DEBUG    Using proactor: IocpProactor
2020-10-08 16:02:59,072 django.utils.autoreload INFO     Watching for file changes with StatReloader
2020-10-08 16:03:10,768 django.utils.autoreload INFO     C:\Lek\personalProfile\views.py changed, reloading.
2020-10-08 16:03:10,768 asyncio      DEBUG    Using proactor: IocpProactor
2020-10-08 16:03:12,002 django.utils.autoreload INFO     Watching for file changes with StatReloader
2020-10-08 16:03:12,503 django.request WARNING  Not Found: /favicon.ico
2020-10-08 16:04:36,091 django.utils.autoreload INFO     C:\Lek\personalProfile\views.py changed, reloading.
2020-10-08 16:04:36,091 asyncio      DEBUG    Using proactor: IocpProactor
2020-10-08 16:04:37,930 django.utils.autoreload INFO     Watching for file changes with StatReloader
2020-10-08 16:04:38,454 django.request ERROR    Internal Server Error: /profile/main_cab/
Traceback (most recent call last):
  File "C:\Users\Компьютер\AppData\Local\Programs\Python\Python38-32\lib\site-packages\django\core\handlers\exception.py", line 34, in inner
    response = get_response(request)
  File "C:\Users\Компьютер\AppData\Local\Programs\Python\Python38-32\lib\site-packages\django\core\handlers\base.py", line 115, in _get_response
    response = self.process_exception_by_middleware(e, request)
  File "C:\Users\Компьютер\AppData\Local\Programs\Python\Python38-32\lib\site-packages\django\core\handlers\base.py", line 113, in _get_response
    response = wrapped_callback(request, *callback_args, **callback_kwargs)
  File "C:\Lek\personalProfile\views.py", line 26, in get_main_cab
    print(re.sub("\D", "", i))
NameError: name 'i' is not defined
2020-10-08 16:04:38,561 django.request WARNING  Not Found: /favicon.ico
2020-10-08 16:04:47,341 django.request ERROR    Internal Server Error: /profile/main_cab/
Traceback (most recent call last):
  File "C:\Users\Компьютер\AppData\Local\Programs\Python\Python38-32\lib\site-packages\django\core\handlers\exception.py", line 34, in inner
    response = get_response(request)
  File "C:\Users\Компьютер\AppData\Local\Programs\Python\Python38-32\lib\site-packages\django\core\handlers\base.py", line 115, in _get_response
    response = self.process_exception_by_middleware(e, request)
  File "C:\Users\Компьютер\AppData\Local\Programs\Python\Python38-32\lib\site-packages\django\core\handlers\base.py", line 113, in _get_response
    response = wrapped_callback(request, *callback_args, **callback_kwargs)
  File "C:\Lek\personalProfile\views.py", line 26, in get_main_cab
    # print(re.sub("\D", "", i))
NameError: name 'i' is not defined
2020-10-08 16:04:47,488 django.request WARNING  Not Found: /favicon.ico
2020-10-08 16:04:47,567 django.utils.autoreload INFO     C:\Lek\personalProfile\views.py changed, reloading.
2020-10-08 16:04:47,569 asyncio      DEBUG    Using proactor: IocpProactor
2020-10-08 16:04:48,841 django.utils.autoreload INFO     Watching for file changes with StatReloader
2020-10-08 16:05:27,011 django.utils.autoreload INFO     C:\Lek\personalProfile\views.py changed, reloading.
2020-10-08 16:05:27,011 asyncio      DEBUG    Using proactor: IocpProactor
2020-10-08 16:05:28,230 django.utils.autoreload INFO     Watching for file changes with StatReloader
2020-10-08 16:05:41,391 django.utils.autoreload INFO     C:\Lek\personalProfile\views.py changed, reloading.
2020-10-08 16:05:41,391 asyncio      DEBUG    Using proactor: IocpProactor
2020-10-08 16:05:42,510 django.utils.autoreload INFO     Watching for file changes with StatReloader
2020-10-08 16:06:08,095 django.utils.autoreload INFO     C:\Lek\personalProfile\views.py changed, reloading.
2020-10-08 16:06:08,095 asyncio      DEBUG    Using proactor: IocpProactor
2020-10-08 16:06:09,461 django.utils.autoreload INFO     Watching for file changes with StatReloader
2020-10-08 16:07:11,726 django.utils.autoreload INFO     C:\Lek\meeting\views.py changed, reloading.
2020-10-08 16:07:11,726 asyncio      DEBUG    Using proactor: IocpProactor
2020-10-08 16:07:12,780 django.utils.autoreload INFO     Watching for file changes with StatReloader
2020-10-08 16:08:28,306 django.utils.autoreload INFO     C:\Lek\meeting\views.py changed, reloading.
2020-10-08 16:08:28,306 asyncio      DEBUG    Using proactor: IocpProactor
2020-10-08 16:08:29,397 django.utils.autoreload INFO     Watching for file changes with StatReloader
2020-10-08 16:08:36,504 django.request WARNING  Not Found: /favicon.ico
2020-10-08 16:09:10,558 django.utils.autoreload INFO     C:\Lek\meeting\views.py changed, reloading.
2020-10-08 16:09:10,558 asyncio      DEBUG    Using proactor: IocpProactor
2020-10-08 16:09:11,757 django.utils.autoreload INFO     Watching for file changes with StatReloader
2020-10-08 16:09:43,766 django.utils.autoreload INFO     C:\Lek\meeting\views.py changed, reloading.
2020-10-08 16:09:43,782 asyncio      DEBUG    Using proactor: IocpProactor
2020-10-08 16:09:44,952 django.utils.autoreload INFO     Watching for file changes with StatReloader
2020-10-08 16:10:14,608 django.utils.autoreload INFO     C:\Lek\meeting\views.py changed, reloading.
2020-10-08 16:10:14,608 asyncio      DEBUG    Using proactor: IocpProactor
2020-10-08 16:10:15,827 django.utils.autoreload INFO     Watching for file changes with StatReloader
2020-10-08 16:10:29,281 django.request ERROR    Internal Server Error: /meeting/
Traceback (most recent call last):
  File "C:\Users\Компьютер\AppData\Local\Programs\Python\Python38-32\lib\site-packages\django\core\handlers\exception.py", line 34, in inner
    response = get_response(request)
  File "C:\Users\Компьютер\AppData\Local\Programs\Python\Python38-32\lib\site-packages\django\core\handlers\base.py", line 115, in _get_response
    response = self.process_exception_by_middleware(e, request)
  File "C:\Users\Компьютер\AppData\Local\Programs\Python\Python38-32\lib\site-packages\django\core\handlers\base.py", line 113, in _get_response
    response = wrapped_callback(request, *callback_args, **callback_kwargs)
  File "C:\Lek\meeting\views.py", line 60, in create_meeting
    send_message_users(userToInvitedList,researchAcceptList)
  File "C:\Lek\meeting\views.py", line 15, in send_message_users
    description = requestListMkiModels.DocRequestListMki.objects.get(id=i)
  File "C:\Users\Компьютер\AppData\Local\Programs\Python\Python38-32\lib\site-packages\django\db\models\manager.py", line 82, in manager_method
    return getattr(self.get_queryset(), name)(*args, **kwargs)
  File "C:\Users\Компьютер\AppData\Local\Programs\Python\Python38-32\lib\site-packages\django\db\models\query.py", line 415, in get
    raise self.model.DoesNotExist(
createRequest.models.DocRequestListMki.DoesNotExist: DocRequestListMki matching query does not exist.
2020-10-08 16:11:25,526 django.utils.autoreload INFO     C:\Lek\meeting\views.py changed, reloading.
2020-10-08 16:11:25,526 asyncio      DEBUG    Using proactor: IocpProactor
2020-10-08 16:11:26,713 django.utils.autoreload INFO     Watching for file changes with StatReloader
2020-10-08 16:11:41,794 django.request ERROR    Internal Server Error: /meeting/
Traceback (most recent call last):
  File "C:\Users\Компьютер\AppData\Local\Programs\Python\Python38-32\lib\site-packages\django\db\models\fields\__init__.py", line 1772, in get_prep_value
    return int(value)
ValueError: invalid literal for int() with base 10: ','

The above exception was the direct cause of the following exception:

Traceback (most recent call last):
  File "C:\Users\Компьютер\AppData\Local\Programs\Python\Python38-32\lib\site-packages\django\core\handlers\exception.py", line 34, in inner
    response = get_response(request)
  File "C:\Users\Компьютер\AppData\Local\Programs\Python\Python38-32\lib\site-packages\django\core\handlers\base.py", line 115, in _get_response
    response = self.process_exception_by_middleware(e, request)
  File "C:\Users\Компьютер\AppData\Local\Programs\Python\Python38-32\lib\site-packages\django\core\handlers\base.py", line 113, in _get_response
    response = wrapped_callback(request, *callback_args, **callback_kwargs)
  File "C:\Lek\meeting\views.py", line 60, in create_meeting
    send_message_users(userToInvitedList,researchAcceptList)
  File "C:\Lek\meeting\views.py", line 15, in send_message_users
    description = requestListMkiModels.DocRequestListMki.objects.get(id=i)
  File "C:\Users\Компьютер\AppData\Local\Programs\Python\Python38-32\lib\site-packages\django\db\models\manager.py", line 82, in manager_method
    return getattr(self.get_queryset(), name)(*args, **kwargs)
  File "C:\Users\Компьютер\AppData\Local\Programs\Python\Python38-32\lib\site-packages\django\db\models\query.py", line 404, in get
    clone = self._chain() if self.query.combinator else self.filter(*args, **kwargs)
  File "C:\Users\Компьютер\AppData\Local\Programs\Python\Python38-32\lib\site-packages\django\db\models\query.py", line 904, in filter
    return self._filter_or_exclude(False, *args, **kwargs)
  File "C:\Users\Компьютер\AppData\Local\Programs\Python\Python38-32\lib\site-packages\django\db\models\query.py", line 923, in _filter_or_exclude
    clone.query.add_q(Q(*args, **kwargs))
  File "C:\Users\Компьютер\AppData\Local\Programs\Python\Python38-32\lib\site-packages\django\db\models\sql\query.py", line 1351, in add_q
    clause, _ = self._add_q(q_object, self.used_aliases)
  File "C:\Users\Компьютер\AppData\Local\Programs\Python\Python38-32\lib\site-packages\django\db\models\sql\query.py", line 1378, in _add_q
    child_clause, needed_inner = self.build_filter(
  File "C:\Users\Компьютер\AppData\Local\Programs\Python\Python38-32\lib\site-packages\django\db\models\sql\query.py", line 1312, in build_filter
    condition = self.build_lookup(lookups, col, value)
  File "C:\Users\Компьютер\AppData\Local\Programs\Python\Python38-32\lib\site-packages\django\db\models\sql\query.py", line 1166, in build_lookup
    lookup = lookup_class(lhs, rhs)
  File "C:\Users\Компьютер\AppData\Local\Programs\Python\Python38-32\lib\site-packages\django\db\models\lookups.py", line 22, in __init__
    self.rhs = self.get_prep_lookup()
  File "C:\Users\Компьютер\AppData\Local\Programs\Python\Python38-32\lib\site-packages\django\db\models\lookups.py", line 72, in get_prep_lookup
    return self.lhs.output_field.get_prep_value(self.rhs)
  File "C:\Users\Компьютер\AppData\Local\Programs\Python\Python38-32\lib\site-packages\django\db\models\fields\__init__.py", line 1774, in get_prep_value
    raise e.__class__(
ValueError: Field 'id' expected a number but got ','.
2020-10-08 16:12:28,268 django.utils.autoreload INFO     C:\Lek\meeting\views.py changed, reloading.
2020-10-08 16:12:28,268 asyncio      DEBUG    Using proactor: IocpProactor
2020-10-08 16:12:29,384 django.utils.autoreload INFO     Watching for file changes with StatReloader
2020-10-08 16:13:04,967 django.utils.autoreload INFO     C:\Lek\meeting\views.py changed, reloading.
2020-10-08 16:13:04,967 asyncio      DEBUG    Using proactor: IocpProactor
2020-10-08 16:13:06,301 django.utils.autoreload INFO     Watching for file changes with StatReloader
2020-10-08 16:13:07,890 django.request ERROR    Internal Server Error: /meeting/
Traceback (most recent call last):
  File "C:\Users\Компьютер\AppData\Local\Programs\Python\Python38-32\lib\site-packages\django\core\handlers\exception.py", line 34, in inner
    response = get_response(request)
  File "C:\Users\Компьютер\AppData\Local\Programs\Python\Python38-32\lib\site-packages\django\core\handlers\base.py", line 115, in _get_response
    response = self.process_exception_by_middleware(e, request)
  File "C:\Users\Компьютер\AppData\Local\Programs\Python\Python38-32\lib\site-packages\django\core\handlers\base.py", line 113, in _get_response
    response = wrapped_callback(request, *callback_args, **callback_kwargs)
  File "C:\Lek\meeting\views.py", line 47, in create_meeting
    researchAcceptListFix += str(i[9:]) + ','
UnboundLocalError: local variable 'researchAcceptListFix' referenced before assignment
2020-10-08 16:13:17,001 django.utils.autoreload INFO     C:\Lek\meeting\views.py changed, reloading.
2020-10-08 16:13:17,016 asyncio      DEBUG    Using proactor: IocpProactor
2020-10-08 16:13:18,284 django.utils.autoreload INFO     Watching for file changes with StatReloader
2020-10-08 16:13:56,434 django.utils.autoreload INFO     C:\Lek\meeting\models.py changed, reloading.
2020-10-08 16:13:56,434 asyncio      DEBUG    Using proactor: IocpProactor
2020-10-08 16:13:57,505 django.utils.autoreload INFO     Watching for file changes with StatReloader
2020-10-08 16:14:02,899 django.utils.autoreload INFO     C:\Lek\meeting\models.py changed, reloading.
2020-10-08 16:14:02,899 asyncio      DEBUG    Using proactor: IocpProactor
2020-10-08 16:14:03,971 django.utils.autoreload INFO     Watching for file changes with StatReloader
2020-10-08 16:14:05,560 django.utils.autoreload INFO     C:\Lek\meeting\models.py changed, reloading.
2020-10-08 16:14:05,560 asyncio      DEBUG    Using proactor: IocpProactor
2020-10-08 16:14:06,809 django.utils.autoreload INFO     Watching for file changes with StatReloader
2020-10-08 16:14:08,519 asyncio      DEBUG    Using proactor: IocpProactor
2020-10-08 16:14:08,587 asyncio      DEBUG    Using proactor: IocpProactor
2020-10-08 16:14:20,512 asyncio      DEBUG    Using proactor: IocpProactor
2020-10-08 16:14:36,868 asyncio      DEBUG    Using proactor: IocpProactor
2020-10-08 16:14:41,931 django.utils.autoreload INFO     Watching for file changes with StatReloader
2020-10-08 16:16:00,103 django.utils.autoreload INFO     C:\Lek\meeting\views.py changed, reloading.
2020-10-08 16:16:00,103 asyncio      DEBUG    Using proactor: IocpProactor
2020-10-08 16:16:01,237 django.utils.autoreload INFO     Watching for file changes with StatReloader
2020-10-08 16:16:31,669 django.utils.autoreload INFO     C:\Lek\meeting\views.py changed, reloading.
2020-10-08 16:16:31,669 asyncio      DEBUG    Using proactor: IocpProactor
2020-10-08 16:16:32,895 django.utils.autoreload INFO     Watching for file changes with StatReloader
2020-10-08 16:16:43,402 django.request ERROR    Internal Server Error: /meeting/
Traceback (most recent call last):
  File "C:\Users\Компьютер\AppData\Local\Programs\Python\Python38-32\lib\site-packages\django\core\handlers\exception.py", line 34, in inner
    response = get_response(request)
  File "C:\Users\Компьютер\AppData\Local\Programs\Python\Python38-32\lib\site-packages\django\core\handlers\base.py", line 115, in _get_response
    response = self.process_exception_by_middleware(e, request)
  File "C:\Users\Компьютер\AppData\Local\Programs\Python\Python38-32\lib\site-packages\django\core\handlers\base.py", line 113, in _get_response
    response = wrapped_callback(request, *callback_args, **callback_kwargs)
  File "C:\Lek\meeting\views.py", line 55, in create_meeting
    descriptionsList = get_description()
  File "C:\Lek\meeting\views.py", line 14, in get_description
    for i in researchs:
NameError: name 'researchs' is not defined
2020-10-08 16:16:58,530 django.utils.autoreload INFO     C:\Lek\meeting\views.py changed, reloading.
2020-10-08 16:16:58,546 asyncio      DEBUG    Using proactor: IocpProactor
2020-10-08 16:16:59,686 django.utils.autoreload INFO     Watching for file changes with StatReloader
2020-10-08 16:17:00,119 django.request ERROR    Internal Server Error: /meeting/
Traceback (most recent call last):
  File "C:\Users\Компьютер\AppData\Local\Programs\Python\Python38-32\lib\site-packages\django\core\handlers\exception.py", line 34, in inner
    response = get_response(request)
  File "C:\Users\Компьютер\AppData\Local\Programs\Python\Python38-32\lib\site-packages\django\core\handlers\base.py", line 115, in _get_response
    response = self.process_exception_by_middleware(e, request)
  File "C:\Users\Компьютер\AppData\Local\Programs\Python\Python38-32\lib\site-packages\django\core\handlers\base.py", line 113, in _get_response
    response = wrapped_callback(request, *callback_args, **callback_kwargs)
  File "C:\Lek\meeting\views.py", line 55, in create_meeting
    descriptionsList = get_description()
  File "C:\Lek\meeting\views.py", line 14, in get_description
    for i in researchs:
NameError: name 'researchs' is not defined
2020-10-08 16:17:07,810 django.utils.autoreload INFO     C:\Lek\meeting\views.py changed, reloading.
2020-10-08 16:17:07,810 asyncio      DEBUG    Using proactor: IocpProactor
2020-10-08 16:17:09,099 django.utils.autoreload INFO     Watching for file changes with StatReloader
2020-10-08 16:17:38,203 django.utils.autoreload INFO     C:\Lek\meeting\views.py changed, reloading.
2020-10-08 16:17:38,203 asyncio      DEBUG    Using proactor: IocpProactor
2020-10-08 16:17:39,362 django.utils.autoreload INFO     Watching for file changes with StatReloader
2020-10-08 16:17:41,167 django.request ERROR    Internal Server Error: /meeting/
Traceback (most recent call last):
  File "C:\Users\Компьютер\AppData\Local\Programs\Python\Python38-32\lib\site-packages\django\core\handlers\exception.py", line 34, in inner
    response = get_response(request)
  File "C:\Users\Компьютер\AppData\Local\Programs\Python\Python38-32\lib\site-packages\django\core\handlers\base.py", line 115, in _get_response
    response = self.process_exception_by_middleware(e, request)
  File "C:\Users\Компьютер\AppData\Local\Programs\Python\Python38-32\lib\site-packages\django\core\handlers\base.py", line 113, in _get_response
    response = wrapped_callback(request, *callback_args, **callback_kwargs)
  File "C:\Lek\meeting\views.py", line 67, in create_meeting
    send_message_users(userToInvitedList,researchAcceptList)
  File "C:\Lek\meeting\views.py", line 20, in send_message_users
    researchs_description = get_description()
TypeError: get_description() missing 1 required positional argument: 'researchs'
2020-10-08 16:17:51,497 django.utils.autoreload INFO     C:\Lek\meeting\views.py changed, reloading.
2020-10-08 16:17:51,507 asyncio      DEBUG    Using proactor: IocpProactor
2020-10-08 16:17:52,625 django.utils.autoreload INFO     Watching for file changes with StatReloader
2020-10-08 16:17:54,330 django.utils.autoreload INFO     C:\Lek\meeting\views.py changed, reloading.
2020-10-08 16:17:54,330 asyncio      DEBUG    Using proactor: IocpProactor
2020-10-08 16:17:55,633 django.utils.autoreload INFO     Watching for file changes with StatReloader
2020-10-08 16:17:56,150 django.request ERROR    Internal Server Error: /meeting/
Traceback (most recent call last):
  File "C:\Users\Компьютер\AppData\Local\Programs\Python\Python38-32\lib\site-packages\django\db\models\fields\__init__.py", line 1772, in get_prep_value
    return int(value)
ValueError: invalid literal for int() with base 10: 'ewfqq'

The above exception was the direct cause of the following exception:

Traceback (most recent call last):
  File "C:\Users\Компьютер\AppData\Local\Programs\Python\Python38-32\lib\site-packages\django\core\handlers\exception.py", line 34, in inner
    response = get_response(request)
  File "C:\Users\Компьютер\AppData\Local\Programs\Python\Python38-32\lib\site-packages\django\core\handlers\base.py", line 115, in _get_response
    response = self.process_exception_by_middleware(e, request)
  File "C:\Users\Компьютер\AppData\Local\Programs\Python\Python38-32\lib\site-packages\django\core\handlers\base.py", line 113, in _get_response
    response = wrapped_callback(request, *callback_args, **callback_kwargs)
  File "C:\Lek\meeting\views.py", line 67, in create_meeting
    send_message_users(userToInvitedList,researchAcceptList)
  File "C:\Lek\meeting\views.py", line 20, in send_message_users
    researchs_description = get_description(userList)
  File "C:\Lek\meeting\views.py", line 15, in get_description
    description = requestListMkiModels.DocRequestListMki.objects.get(id=i)
  File "C:\Users\Компьютер\AppData\Local\Programs\Python\Python38-32\lib\site-packages\django\db\models\manager.py", line 82, in manager_method
    return getattr(self.get_queryset(), name)(*args, **kwargs)
  File "C:\Users\Компьютер\AppData\Local\Programs\Python\Python38-32\lib\site-packages\django\db\models\query.py", line 404, in get
    clone = self._chain() if self.query.combinator else self.filter(*args, **kwargs)
  File "C:\Users\Компьютер\AppData\Local\Programs\Python\Python38-32\lib\site-packages\django\db\models\query.py", line 904, in filter
    return self._filter_or_exclude(False, *args, **kwargs)
  File "C:\Users\Компьютер\AppData\Local\Programs\Python\Python38-32\lib\site-packages\django\db\models\query.py", line 923, in _filter_or_exclude
    clone.query.add_q(Q(*args, **kwargs))
  File "C:\Users\Компьютер\AppData\Local\Programs\Python\Python38-32\lib\site-packages\django\db\models\sql\query.py", line 1351, in add_q
    clause, _ = self._add_q(q_object, self.used_aliases)
  File "C:\Users\Компьютер\AppData\Local\Programs\Python\Python38-32\lib\site-packages\django\db\models\sql\query.py", line 1378, in _add_q
    child_clause, needed_inner = self.build_filter(
  File "C:\Users\Компьютер\AppData\Local\Programs\Python\Python38-32\lib\site-packages\django\db\models\sql\query.py", line 1312, in build_filter
    condition = self.build_lookup(lookups, col, value)
  File "C:\Users\Компьютер\AppData\Local\Programs\Python\Python38-32\lib\site-packages\django\db\models\sql\query.py", line 1166, in build_lookup
    lookup = lookup_class(lhs, rhs)
  File "C:\Users\Компьютер\AppData\Local\Programs\Python\Python38-32\lib\site-packages\django\db\models\lookups.py", line 22, in __init__
    self.rhs = self.get_prep_lookup()
  File "C:\Users\Компьютер\AppData\Local\Programs\Python\Python38-32\lib\site-packages\django\db\models\lookups.py", line 72, in get_prep_lookup
    return self.lhs.output_field.get_prep_value(self.rhs)
  File "C:\Users\Компьютер\AppData\Local\Programs\Python\Python38-32\lib\site-packages\django\db\models\fields\__init__.py", line 1774, in get_prep_value
    raise e.__class__(
ValueError: Field 'id' expected a number but got 'ewfqq'.
2020-10-08 16:18:21,414 django.utils.autoreload INFO     C:\Lek\meeting\views.py changed, reloading.
2020-10-08 16:18:21,414 asyncio      DEBUG    Using proactor: IocpProactor
2020-10-08 16:18:22,671 django.utils.autoreload INFO     Watching for file changes with StatReloader
2020-10-08 16:19:23,292 django.utils.autoreload INFO     C:\Lek\meeting\views.py changed, reloading.
2020-10-08 16:19:23,292 asyncio      DEBUG    Using proactor: IocpProactor
2020-10-08 16:19:24,511 django.utils.autoreload INFO     Watching for file changes with StatReloader
2020-10-08 16:19:26,131 django.utils.autoreload INFO     C:\Lek\meeting\views.py changed, reloading.
2020-10-08 16:19:26,131 asyncio      DEBUG    Using proactor: IocpProactor
2020-10-08 16:19:27,488 django.utils.autoreload INFO     Watching for file changes with StatReloader
2020-10-08 16:20:09,716 django.utils.autoreload INFO     C:\Lek\meeting\views.py changed, reloading.
2020-10-08 16:20:09,717 asyncio      DEBUG    Using proactor: IocpProactor
2020-10-08 16:20:10,958 django.utils.autoreload INFO     Watching for file changes with StatReloader
2020-10-08 16:21:05,694 django.utils.autoreload INFO     C:\Lek\meeting\views.py changed, reloading.
2020-10-08 16:21:05,701 asyncio      DEBUG    Using proactor: IocpProactor
2020-10-08 16:21:06,905 django.utils.autoreload INFO     Watching for file changes with StatReloader
2020-10-08 16:22:08,904 django.utils.autoreload INFO     C:\Lek\meeting\views.py changed, reloading.
2020-10-08 16:22:08,904 asyncio      DEBUG    Using proactor: IocpProactor
2020-10-08 16:22:10,025 django.utils.autoreload INFO     Watching for file changes with StatReloader
2020-10-08 16:22:22,792 django.utils.autoreload INFO     C:\Lek\meeting\views.py changed, reloading.
2020-10-08 16:22:22,792 asyncio      DEBUG    Using proactor: IocpProactor
2020-10-08 16:22:23,942 django.utils.autoreload INFO     Watching for file changes with StatReloader
2020-10-08 16:22:33,719 django.request ERROR    Internal Server Error: /meeting/
Traceback (most recent call last):
  File "C:\Users\Компьютер\AppData\Local\Programs\Python\Python38-32\lib\site-packages\django\db\models\fields\__init__.py", line 1772, in get_prep_value
    return int(value)
ValueError: invalid literal for int() with base 10: 'ewfqq'

The above exception was the direct cause of the following exception:

Traceback (most recent call last):
  File "C:\Users\Компьютер\AppData\Local\Programs\Python\Python38-32\lib\site-packages\django\core\handlers\exception.py", line 34, in inner
    response = get_response(request)
  File "C:\Users\Компьютер\AppData\Local\Programs\Python\Python38-32\lib\site-packages\django\core\handlers\base.py", line 115, in _get_response
    response = self.process_exception_by_middleware(e, request)
  File "C:\Users\Компьютер\AppData\Local\Programs\Python\Python38-32\lib\site-packages\django\core\handlers\base.py", line 113, in _get_response
    response = wrapped_callback(request, *callback_args, **callback_kwargs)
  File "C:\Lek\meeting\views.py", line 69, in create_meeting
    send_message_users(userToInvitedList,researchAcceptList)
  File "C:\Lek\meeting\views.py", line 20, in send_message_users
    researchs_description = get_description(userList)
  File "C:\Lek\meeting\views.py", line 15, in get_description
    description = requestListMkiModels.DocRequestListMki.objects.get(id=i)
  File "C:\Users\Компьютер\AppData\Local\Programs\Python\Python38-32\lib\site-packages\django\db\models\manager.py", line 82, in manager_method
    return getattr(self.get_queryset(), name)(*args, **kwargs)
  File "C:\Users\Компьютер\AppData\Local\Programs\Python\Python38-32\lib\site-packages\django\db\models\query.py", line 404, in get
    clone = self._chain() if self.query.combinator else self.filter(*args, **kwargs)
  File "C:\Users\Компьютер\AppData\Local\Programs\Python\Python38-32\lib\site-packages\django\db\models\query.py", line 904, in filter
    return self._filter_or_exclude(False, *args, **kwargs)
  File "C:\Users\Компьютер\AppData\Local\Programs\Python\Python38-32\lib\site-packages\django\db\models\query.py", line 923, in _filter_or_exclude
    clone.query.add_q(Q(*args, **kwargs))
  File "C:\Users\Компьютер\AppData\Local\Programs\Python\Python38-32\lib\site-packages\django\db\models\sql\query.py", line 1351, in add_q
    clause, _ = self._add_q(q_object, self.used_aliases)
  File "C:\Users\Компьютер\AppData\Local\Programs\Python\Python38-32\lib\site-packages\django\db\models\sql\query.py", line 1378, in _add_q
    child_clause, needed_inner = self.build_filter(
  File "C:\Users\Компьютер\AppData\Local\Programs\Python\Python38-32\lib\site-packages\django\db\models\sql\query.py", line 1312, in build_filter
    condition = self.build_lookup(lookups, col, value)
  File "C:\Users\Компьютер\AppData\Local\Programs\Python\Python38-32\lib\site-packages\django\db\models\sql\query.py", line 1166, in build_lookup
    lookup = lookup_class(lhs, rhs)
  File "C:\Users\Компьютер\AppData\Local\Programs\Python\Python38-32\lib\site-packages\django\db\models\lookups.py", line 22, in __init__
    self.rhs = self.get_prep_lookup()
  File "C:\Users\Компьютер\AppData\Local\Programs\Python\Python38-32\lib\site-packages\django\db\models\lookups.py", line 72, in get_prep_lookup
    return self.lhs.output_field.get_prep_value(self.rhs)
  File "C:\Users\Компьютер\AppData\Local\Programs\Python\Python38-32\lib\site-packages\django\db\models\fields\__init__.py", line 1774, in get_prep_value
    raise e.__class__(
ValueError: Field 'id' expected a number but got 'ewfqq'.
2020-10-08 16:23:46,128 django.utils.autoreload INFO     C:\Lek\meeting\views.py changed, reloading.
2020-10-08 16:23:46,128 asyncio      DEBUG    Using proactor: IocpProactor
2020-10-08 16:23:47,212 django.utils.autoreload INFO     Watching for file changes with StatReloader
2020-10-08 16:25:29,794 django.utils.autoreload INFO     C:\Lek\meeting\views.py changed, reloading.
2020-10-08 16:25:29,794 asyncio      DEBUG    Using proactor: IocpProactor
2020-10-08 16:25:31,213 django.utils.autoreload INFO     Watching for file changes with StatReloader
2020-10-08 16:25:45,682 django.utils.autoreload INFO     C:\Lek\meeting\views.py changed, reloading.
2020-10-08 16:25:45,682 asyncio      DEBUG    Using proactor: IocpProactor
2020-10-08 16:25:46,848 django.utils.autoreload INFO     Watching for file changes with StatReloader
2020-10-08 16:26:38,364 django.utils.autoreload INFO     C:\Lek\meeting\views.py changed, reloading.
2020-10-08 16:26:38,364 asyncio      DEBUG    Using proactor: IocpProactor
2020-10-08 16:26:39,669 django.utils.autoreload INFO     Watching for file changes with StatReloader
2020-10-08 16:27:18,451 django.utils.autoreload INFO     C:\Lek\meeting\views.py changed, reloading.
2020-10-08 16:27:18,451 asyncio      DEBUG    Using proactor: IocpProactor
2020-10-08 16:27:19,623 django.utils.autoreload INFO     Watching for file changes with StatReloader
2020-10-08 16:27:26,150 django.utils.autoreload INFO     C:\Lek\meeting\views.py changed, reloading.
2020-10-08 16:27:26,150 asyncio      DEBUG    Using proactor: IocpProactor
2020-10-08 16:27:27,368 django.utils.autoreload INFO     Watching for file changes with StatReloader
2020-10-08 16:28:21,146 django.utils.autoreload INFO     C:\Lek\meeting\views.py changed, reloading.
2020-10-08 16:28:21,146 asyncio      DEBUG    Using proactor: IocpProactor
2020-10-08 16:28:22,302 django.utils.autoreload INFO     Watching for file changes with StatReloader
2020-10-08 16:28:32,546 django.request ERROR    Internal Server Error: /meeting/
Traceback (most recent call last):
  File "C:\Users\Компьютер\AppData\Local\Programs\Python\Python38-32\lib\site-packages\django\core\handlers\exception.py", line 34, in inner
    response = get_response(request)
  File "C:\Users\Компьютер\AppData\Local\Programs\Python\Python38-32\lib\site-packages\django\core\handlers\base.py", line 115, in _get_response
    response = self.process_exception_by_middleware(e, request)
  File "C:\Users\Компьютер\AppData\Local\Programs\Python\Python38-32\lib\site-packages\django\core\handlers\base.py", line 113, in _get_response
    response = wrapped_callback(request, *callback_args, **callback_kwargs)
  File "C:\Lek\meeting\views.py", line 66, in create_meeting
    meeting.accepted_meetings_description = description
NameError: name 'description' is not defined
2020-10-08 16:28:46,819 django.utils.autoreload INFO     C:\Lek\meeting\views.py changed, reloading.
2020-10-08 16:28:46,819 asyncio      DEBUG    Using proactor: IocpProactor
2020-10-08 16:28:47,975 django.utils.autoreload INFO     Watching for file changes with StatReloader
2020-10-08 16:30:19,126 django.utils.autoreload INFO     C:\Lek\personalProfile\views.py changed, reloading.
2020-10-08 16:30:19,126 asyncio      DEBUG    Using proactor: IocpProactor
2020-10-08 16:30:20,285 django.utils.autoreload INFO     Watching for file changes with StatReloader
2020-10-08 16:31:18,661 django.utils.autoreload INFO     C:\Lek\personalProfile\views.py changed, reloading.
2020-10-08 16:31:18,661 asyncio      DEBUG    Using proactor: IocpProactor
2020-10-08 16:31:19,779 django.utils.autoreload INFO     Watching for file changes with StatReloader
2020-10-08 16:32:00,146 django.utils.autoreload INFO     C:\Lek\personalProfile\views.py changed, reloading.
2020-10-08 16:32:00,146 asyncio      DEBUG    Using proactor: IocpProactor
2020-10-08 16:32:01,396 django.utils.autoreload INFO     Watching for file changes with StatReloader
2020-10-08 16:32:19,510 django.utils.autoreload INFO     C:\Lek\personalProfile\views.py changed, reloading.
2020-10-08 16:32:19,510 asyncio      DEBUG    Using proactor: IocpProactor
2020-10-08 16:32:20,707 django.utils.autoreload INFO     Watching for file changes with StatReloader
2020-10-08 16:36:03,266 django.request WARNING  Not Found: /favicon.ico
2020-10-08 16:36:22,431 django.request WARNING  Not Found: /favicon.ico
2020-10-08 16:41:11,773 asyncio      DEBUG    Using proactor: IocpProactor
2020-10-08 16:41:11,873 asyncio      DEBUG    Using proactor: IocpProactor
